[2024-05-28T05:50:29.323565+02:00] logger.WARNING: Could not find image file (http://localhost:8000/api/logoapex.png) {"context":"images"} []
[2024-05-28T05:50:29.330514+02:00] logger.DEBUG: Fetching content of file "C:/Users/hbarb/OneDrive/fuentes/atg/back/apext-api/vendor/mpdf/mpdf/src/../data/no_image.jpg" with non-local basepath {"context":"remote_content"} []
[2024-05-28T05:50:29.374563+02:00] logger.DEBUG: PDF generated in 60.086887 seconds {"context":"statistics"} []
[2024-05-28T05:50:29.420558+02:00] logger.DEBUG: Compiled in 60.132874 seconds {"context":"statistics"} []
[2024-05-28T05:50:29.420911+02:00] logger.DEBUG: Peak Memory usage 20.00 MB {"context":"statistics"} []
[2024-05-28T05:50:29.420986+02:00] logger.DEBUG: PDF file size 38 kB {"context":"statistics"} []
[2024-05-28T05:50:29.421128+02:00] logger.DEBUG: 2 fonts used {"context":"statistics"} []
[2024-05-28T05:52:44.453910+02:00] logger.WARNING: Could not find image file (http://localhost:8000/api/logoapex.png) {"context":"images"} []
[2024-05-28T05:52:44.457470+02:00] logger.DEBUG: Fetching content of file "C:/Users/hbarb/OneDrive/fuentes/atg/back/apext-api/vendor/mpdf/mpdf/src/../data/no_image.jpg" with non-local basepath {"context":"remote_content"} []
[2024-05-28T05:52:44.491095+02:00] logger.DEBUG: PDF generated in 60.062324 seconds {"context":"statistics"} []
[2024-05-28T05:52:44.529412+02:00] logger.DEBUG: Compiled in 60.100638 seconds {"context":"statistics"} []
[2024-05-28T05:52:44.529473+02:00] logger.DEBUG: Peak Memory usage 12.00 MB {"context":"statistics"} []
[2024-05-28T05:52:44.529496+02:00] logger.DEBUG: PDF file size 37 kB {"context":"statistics"} []
[2024-05-28T05:52:44.529515+02:00] logger.DEBUG: 2 fonts used {"context":"statistics"} []
[2024-05-28T05:55:24.033886+02:00] logger.WARNING: Could not find image file (http://localhost:8000/api/logoapex.png) {"context":"images"} []
[2024-05-28T05:55:24.038228+02:00] logger.DEBUG: Fetching content of file "C:/Users/hbarb/OneDrive/fuentes/atg/back/apext-api/vendor/mpdf/mpdf/src/../data/no_image.jpg" with non-local basepath {"context":"remote_content"} []
[2024-05-28T05:55:24.071025+02:00] logger.DEBUG: PDF generated in 60.075465 seconds {"context":"statistics"} []
[2024-05-28T05:55:24.107941+02:00] logger.DEBUG: Compiled in 60.112366 seconds {"context":"statistics"} []
[2024-05-28T05:55:24.108004+02:00] logger.DEBUG: Peak Memory usage 8.00 MB {"context":"statistics"} []
[2024-05-28T05:55:24.108031+02:00] logger.DEBUG: PDF file size 37 kB {"context":"statistics"} []
[2024-05-28T05:55:24.108051+02:00] logger.DEBUG: 2 fonts used {"context":"statistics"} []
[2024-05-28T05:58:03.664158+02:00] logger.WARNING: Could not find image file (http://localhost:8000/api/logoapex.png) {"context":"images"} []
[2024-05-28T05:58:03.667908+02:00] logger.DEBUG: Fetching content of file "C:/Users/hbarb/OneDrive/fuentes/atg/back/apext-api/vendor/mpdf/mpdf/src/../data/no_image.jpg" with non-local basepath {"context":"remote_content"} []
[2024-05-28T05:58:03.697080+02:00] logger.DEBUG: PDF generated in 60.084463 seconds {"context":"statistics"} []
[2024-05-28T05:58:03.737078+02:00] logger.DEBUG: Compiled in 60.124454 seconds {"context":"statistics"} []
[2024-05-28T05:58:03.737147+02:00] logger.DEBUG: Peak Memory usage 6.00 MB {"context":"statistics"} []
[2024-05-28T05:58:03.737170+02:00] logger.DEBUG: PDF file size 38 kB {"context":"statistics"} []
[2024-05-28T05:58:03.737191+02:00] logger.DEBUG: 2 fonts used {"context":"statistics"} []
[2024-05-28T06:04:03.447829+02:00] logger.WARNING: Could not find image file (http://localhost:8000/api/logoapex.png) {"context":"images"} []
[2024-05-28T06:04:03.453021+02:00] logger.DEBUG: Fetching content of file "C:/Users/hbarb/OneDrive/fuentes/atg/back/apext-api/vendor/mpdf/mpdf/src/../data/no_image.jpg" with non-local basepath {"context":"remote_content"} []
[2024-05-28T06:04:03.487325+02:00] logger.DEBUG: PDF generated in 60.086919 seconds {"context":"statistics"} []
[2024-05-28T06:04:03.529858+02:00] logger.DEBUG: Compiled in 60.129444 seconds {"context":"statistics"} []
[2024-05-28T06:04:03.530256+02:00] logger.DEBUG: Peak Memory usage 20.00 MB {"context":"statistics"} []
[2024-05-28T06:04:03.530649+02:00] logger.DEBUG: PDF file size 38 kB {"context":"statistics"} []
[2024-05-28T06:04:03.530687+02:00] logger.DEBUG: 2 fonts used {"context":"statistics"} []
[2024-05-28T06:14:39.728909+02:00] logger.WARNING: Could not find image file (http://localhost:8000/api/logoapex.png) {"context":"images"} []
[2024-05-28T06:14:39.734872+02:00] logger.DEBUG: Fetching content of file "C:/Users/hbarb/OneDrive/fuentes/atg/back/apext-api/vendor/mpdf/mpdf/src/../data/no_image.jpg" with non-local basepath {"context":"remote_content"} []
[2024-05-28T06:14:39.772924+02:00] logger.DEBUG: PDF generated in 60.096347 seconds {"context":"statistics"} []
[2024-05-28T06:14:39.817872+02:00] logger.DEBUG: Compiled in 60.141288 seconds {"context":"statistics"} []
[2024-05-28T06:14:39.818202+02:00] logger.DEBUG: Peak Memory usage 20.00 MB {"context":"statistics"} []
[2024-05-28T06:14:39.818307+02:00] logger.DEBUG: PDF file size 38 kB {"context":"statistics"} []
[2024-05-28T06:14:39.818335+02:00] logger.DEBUG: 2 fonts used {"context":"statistics"} []
[2024-05-28T06:20:37.536983+02:00] logger.WARNING: Could not find image file (http://localhost:8000/api/logoapex.png) {"context":"images"} []
[2024-05-28T06:20:37.543191+02:00] logger.DEBUG: Fetching content of file "C:/Users/hbarb/OneDrive/fuentes/atg/back/apext-api/vendor/mpdf/mpdf/src/../data/no_image.jpg" with non-local basepath {"context":"remote_content"} []
[2024-05-28T06:20:37.583260+02:00] logger.DEBUG: PDF generated in 60.083990 seconds {"context":"statistics"} []
[2024-05-28T06:20:37.629365+02:00] logger.DEBUG: Compiled in 60.130090 seconds {"context":"statistics"} []
[2024-05-28T06:20:37.629645+02:00] logger.DEBUG: Peak Memory usage 20.00 MB {"context":"statistics"} []
[2024-05-28T06:20:37.629692+02:00] logger.DEBUG: PDF file size 38 kB {"context":"statistics"} []
[2024-05-28T06:20:37.629731+02:00] logger.DEBUG: 2 fonts used {"context":"statistics"} []
[2024-05-28T06:39:14.738252+02:00] logger.WARNING: Could not find image file (http://localhost:8000/api/logoapex.png) {"context":"images"} []
[2024-05-28T06:39:14.744701+02:00] logger.DEBUG: Fetching content of file "C:/Users/hbarb/OneDrive/fuentes/atg/back/apext-api/vendor/mpdf/mpdf/src/../data/no_image.jpg" with non-local basepath {"context":"remote_content"} []
[2024-05-28T06:39:14.780525+02:00] logger.DEBUG: PDF generated in 60.096361 seconds {"context":"statistics"} []
[2024-05-28T06:39:14.820147+02:00] logger.DEBUG: Compiled in 60.135985 seconds {"context":"statistics"} []
[2024-05-28T06:39:14.820409+02:00] logger.DEBUG: Peak Memory usage 20.00 MB {"context":"statistics"} []
[2024-05-28T06:39:14.820456+02:00] logger.DEBUG: PDF file size 37 kB {"context":"statistics"} []
[2024-05-28T06:39:14.820478+02:00] logger.DEBUG: 2 fonts used {"context":"statistics"} []
[2024-05-28T14:17:59.173841+02:00] logger.WARNING: Could not find image file (http://localhost:8000/api/logoapex.png) {"context":"images"} []
[2024-05-28T14:17:59.182275+02:00] logger.DEBUG: Fetching content of file "C:/Users/hbarb/OneDrive/fuentes/atg/back/apext-api/vendor/mpdf/mpdf/src/../data/no_image.jpg" with non-local basepath {"context":"remote_content"} []
[2024-05-28T14:17:59.225725+02:00] logger.DEBUG: PDF generated in 60.383605 seconds {"context":"statistics"} []
[2024-05-28T14:17:59.265673+02:00] logger.DEBUG: Compiled in 60.423536 seconds {"context":"statistics"} []
[2024-05-28T14:17:59.266061+02:00] logger.DEBUG: Peak Memory usage 20.00 MB {"context":"statistics"} []
[2024-05-28T14:17:59.266139+02:00] logger.DEBUG: PDF file size 37 kB {"context":"statistics"} []
[2024-05-28T14:17:59.266164+02:00] logger.DEBUG: 2 fonts used {"context":"statistics"} []
[2024-05-28T14:19:47.376165+02:00] logger.WARNING: Could not find image file (http://localhost:8000/api/logoapex.png) {"context":"images"} []
[2024-05-28T14:19:47.383817+02:00] logger.DEBUG: Fetching content of file "C:/Users/hbarb/OneDrive/fuentes/atg/back/apext-api/vendor/mpdf/mpdf/src/../data/no_image.jpg" with non-local basepath {"context":"remote_content"} []
[2024-05-28T14:19:47.471972+02:00] logger.DEBUG: PDF generated in 60.130142 seconds {"context":"statistics"} []
[2024-05-28T14:19:47.543383+02:00] logger.DEBUG: Compiled in 60.201518 seconds {"context":"statistics"} []
[2024-05-28T14:19:47.543713+02:00] logger.DEBUG: Peak Memory usage 12.00 MB {"context":"statistics"} []
[2024-05-28T14:19:47.543762+02:00] logger.DEBUG: PDF file size 37 kB {"context":"statistics"} []
[2024-05-28T14:19:47.543795+02:00] logger.DEBUG: 2 fonts used {"context":"statistics"} []
[2024-05-28T14:21:00.590301+02:00] logger.WARNING: Could not find image file (http://localhost:8000/api/logoapex.png) {"context":"images"} []
[2024-05-28T14:21:00.596644+02:00] logger.DEBUG: Fetching content of file "C:/Users/hbarb/OneDrive/fuentes/atg/back/apext-api/vendor/mpdf/mpdf/src/../data/no_image.jpg" with non-local basepath {"context":"remote_content"} []
[2024-05-28T14:21:00.648200+02:00] logger.DEBUG: PDF generated in 60.110676 seconds {"context":"statistics"} []
[2024-05-28T14:21:00.705678+02:00] logger.DEBUG: Compiled in 60.168134 seconds {"context":"statistics"} []
[2024-05-28T14:21:00.706058+02:00] logger.DEBUG: Peak Memory usage 20.00 MB {"context":"statistics"} []
[2024-05-28T14:21:00.706139+02:00] logger.DEBUG: PDF file size 37 kB {"context":"statistics"} []
[2024-05-28T14:21:00.706177+02:00] logger.DEBUG: 2 fonts used {"context":"statistics"} []
[2024-05-28T14:24:41.281984+02:00] logger.WARNING: Could not find image file (http://localhost:8000/api/logoapex.png) {"context":"images"} []
[2024-05-28T14:24:41.289481+02:00] logger.DEBUG: Fetching content of file "C:/Users/hbarb/OneDrive/fuentes/atg/back/apext-api/vendor/mpdf/mpdf/src/../data/no_image.jpg" with non-local basepath {"context":"remote_content"} []
[2024-05-28T14:24:41.341230+02:00] logger.DEBUG: PDF generated in 60.096019 seconds {"context":"statistics"} []
[2024-05-28T14:24:41.404517+02:00] logger.DEBUG: Compiled in 60.159291 seconds {"context":"statistics"} []
[2024-05-28T14:24:41.404841+02:00] logger.DEBUG: Peak Memory usage 20.00 MB {"context":"statistics"} []
[2024-05-28T14:24:41.404891+02:00] logger.DEBUG: PDF file size 38 kB {"context":"statistics"} []
[2024-05-28T14:24:41.404923+02:00] logger.DEBUG: 2 fonts used {"context":"statistics"} []
[2024-05-28T14:27:20.307950+02:00] logger.WARNING: Could not find image file (http://localhost:8000/api/logoapex.png) {"context":"images"} []
[2024-05-28T14:27:20.316609+02:00] logger.DEBUG: Fetching content of file "C:/Users/hbarb/OneDrive/fuentes/atg/back/apext-api/vendor/mpdf/mpdf/src/../data/no_image.jpg" with non-local basepath {"context":"remote_content"} []
[2024-05-28T14:27:20.377784+02:00] logger.DEBUG: PDF generated in 60.111227 seconds {"context":"statistics"} []
[2024-05-28T14:27:20.450006+02:00] logger.DEBUG: Compiled in 60.183443 seconds {"context":"statistics"} []
[2024-05-28T14:27:20.450313+02:00] logger.DEBUG: Peak Memory usage 20.00 MB {"context":"statistics"} []
[2024-05-28T14:27:20.450360+02:00] logger.DEBUG: PDF file size 38 kB {"context":"statistics"} []
[2024-05-28T14:27:20.450393+02:00] logger.DEBUG: 2 fonts used {"context":"statistics"} []
[2024-05-28T14:29:43.207761+02:00] logger.WARNING: Could not find image file (http://localhost:8000/api/logoapex.png) {"context":"images"} []
[2024-05-28T14:29:43.212656+02:00] logger.DEBUG: Fetching content of file "C:/Users/hbarb/OneDrive/fuentes/atg/back/apext-api/vendor/mpdf/mpdf/src/../data/no_image.jpg" with non-local basepath {"context":"remote_content"} []
[2024-05-28T14:29:43.246213+02:00] logger.DEBUG: PDF generated in 60.086461 seconds {"context":"statistics"} []
[2024-05-28T14:29:43.290556+02:00] logger.DEBUG: Compiled in 60.130797 seconds {"context":"statistics"} []
[2024-05-28T14:29:43.290833+02:00] logger.DEBUG: Peak Memory usage 20.00 MB {"context":"statistics"} []
[2024-05-28T14:29:43.290876+02:00] logger.DEBUG: PDF file size 38 kB {"context":"statistics"} []
[2024-05-28T14:29:43.290899+02:00] logger.DEBUG: 2 fonts used {"context":"statistics"} []
[2024-05-28T14:30:03.184510+02:00] logger.DEBUG: Fetching content of file "../logoapex.png" with local basepath {"context":"remote_content"} []
[2024-05-28T14:30:03.312818+02:00] logger.DEBUG: PDF generated in 0.150832 seconds {"context":"statistics"} []
[2024-05-28T14:30:03.351655+02:00] logger.DEBUG: Compiled in 0.189670 seconds {"context":"statistics"} []
[2024-05-28T14:30:03.351719+02:00] logger.DEBUG: Peak Memory usage 20.00 MB {"context":"statistics"} []
[2024-05-28T14:30:03.351744+02:00] logger.DEBUG: PDF file size 135 kB {"context":"statistics"} []
[2024-05-28T14:30:03.351764+02:00] logger.DEBUG: 2 fonts used {"context":"statistics"} []
[2024-05-28T14:31:05.746912+02:00] logger.DEBUG: Fetching content of file "../logoapex.png" with local basepath {"context":"remote_content"} []
[2024-05-28T14:31:05.867040+02:00] logger.DEBUG: PDF generated in 0.140893 seconds {"context":"statistics"} []
[2024-05-28T14:31:05.913234+02:00] logger.DEBUG: Compiled in 0.187081 seconds {"context":"statistics"} []
[2024-05-28T14:31:05.913298+02:00] logger.DEBUG: Peak Memory usage 12.00 MB {"context":"statistics"} []
[2024-05-28T14:31:05.913322+02:00] logger.DEBUG: PDF file size 135 kB {"context":"statistics"} []
[2024-05-28T14:31:05.913342+02:00] logger.DEBUG: 2 fonts used {"context":"statistics"} []
[2024-05-28T14:32:14.243270+02:00] logger.DEBUG: Fetching content of file "../logoapex.png" with local basepath {"context":"remote_content"} []
[2024-05-28T14:32:14.365211+02:00] logger.DEBUG: PDF generated in 0.143349 seconds {"context":"statistics"} []
[2024-05-28T14:32:14.406814+02:00] logger.DEBUG: Compiled in 0.184953 seconds {"context":"statistics"} []
[2024-05-28T14:32:14.406876+02:00] logger.DEBUG: Peak Memory usage 8.00 MB {"context":"statistics"} []
[2024-05-28T14:32:14.406900+02:00] logger.DEBUG: PDF file size 135 kB {"context":"statistics"} []
[2024-05-28T14:32:14.406920+02:00] logger.DEBUG: 2 fonts used {"context":"statistics"} []
[2024-05-28T14:34:23.515772+02:00] logger.DEBUG: Fetching content of file "../logoapex.png" with local basepath {"context":"remote_content"} []
[2024-05-28T14:34:23.678194+02:00] logger.DEBUG: PDF generated in 0.195691 seconds {"context":"statistics"} []
[2024-05-28T14:34:23.727565+02:00] logger.DEBUG: Compiled in 0.245056 seconds {"context":"statistics"} []
[2024-05-28T14:34:23.727681+02:00] logger.DEBUG: Peak Memory usage 20.00 MB {"context":"statistics"} []
[2024-05-28T14:34:23.727729+02:00] logger.DEBUG: PDF file size 135 kB {"context":"statistics"} []
[2024-05-28T14:34:23.727756+02:00] logger.DEBUG: 2 fonts used {"context":"statistics"} []
[2024-05-28T14:36:26.558488+02:00] logger.DEBUG: Fetching content of file "../logoapex.png" with local basepath {"context":"remote_content"} []
[2024-05-28T14:36:26.671816+02:00] logger.DEBUG: PDF generated in 0.135470 seconds {"context":"statistics"} []
[2024-05-28T14:36:26.714303+02:00] logger.DEBUG: Compiled in 0.177954 seconds {"context":"statistics"} []
[2024-05-28T14:36:26.714362+02:00] logger.DEBUG: Peak Memory usage 20.00 MB {"context":"statistics"} []
[2024-05-28T14:36:26.714386+02:00] logger.DEBUG: PDF file size 135 kB {"context":"statistics"} []
[2024-05-28T14:36:26.714406+02:00] logger.DEBUG: 2 fonts used {"context":"statistics"} []
[2024-05-28T14:37:45.680667+02:00] logger.DEBUG: Fetching content of file "../logoapex.png" with local basepath {"context":"remote_content"} []
[2024-05-28T14:37:45.793722+02:00] logger.DEBUG: PDF generated in 0.139479 seconds {"context":"statistics"} []
[2024-05-28T14:37:45.833996+02:00] logger.DEBUG: Compiled in 0.179744 seconds {"context":"statistics"} []
[2024-05-28T14:37:45.834097+02:00] logger.DEBUG: Peak Memory usage 20.00 MB {"context":"statistics"} []
[2024-05-28T14:37:45.834148+02:00] logger.DEBUG: PDF file size 135 kB {"context":"statistics"} []
[2024-05-28T14:37:45.834192+02:00] logger.DEBUG: 2 fonts used {"context":"statistics"} []
[2024-05-28T14:37:49.324561+02:00] logger.DEBUG: Fetching content of file "../logoapex.png" with local basepath {"context":"remote_content"} []
[2024-05-28T14:37:49.438347+02:00] logger.DEBUG: PDF generated in 0.127560 seconds {"context":"statistics"} []
[2024-05-28T14:37:49.474071+02:00] logger.DEBUG: Compiled in 0.163279 seconds {"context":"statistics"} []
[2024-05-28T14:37:49.474136+02:00] logger.DEBUG: Peak Memory usage 12.00 MB {"context":"statistics"} []
[2024-05-28T14:37:49.474160+02:00] logger.DEBUG: PDF file size 135 kB {"context":"statistics"} []
[2024-05-28T14:37:49.474180+02:00] logger.DEBUG: 2 fonts used {"context":"statistics"} []
[2024-05-28T14:39:55.694616+02:00] logger.DEBUG: Fetching content of file "../logoapex.png" with local basepath {"context":"remote_content"} []
[2024-05-28T14:39:55.814863+02:00] logger.DEBUG: PDF generated in 0.150377 seconds {"context":"statistics"} []
[2024-05-28T14:39:55.867922+02:00] logger.DEBUG: Compiled in 0.203424 seconds {"context":"statistics"} []
[2024-05-28T14:39:55.868016+02:00] logger.DEBUG: Peak Memory usage 20.00 MB {"context":"statistics"} []
[2024-05-28T14:39:55.868042+02:00] logger.DEBUG: PDF file size 136 kB {"context":"statistics"} []
[2024-05-28T14:39:55.868064+02:00] logger.DEBUG: 2 fonts used {"context":"statistics"} []
[2024-05-28T14:40:47.268650+02:00] logger.DEBUG: Fetching content of file "../logoapex.png" with local basepath {"context":"remote_content"} []
[2024-05-28T14:40:47.508959+02:00] logger.DEBUG: PDF generated in 0.284677 seconds {"context":"statistics"} []
[2024-05-28T14:40:47.581271+02:00] logger.DEBUG: Compiled in 0.356991 seconds {"context":"statistics"} []
[2024-05-28T14:40:47.581360+02:00] logger.DEBUG: Peak Memory usage 20.00 MB {"context":"statistics"} []
[2024-05-28T14:40:47.581395+02:00] logger.DEBUG: PDF file size 136 kB {"context":"statistics"} []
[2024-05-28T14:40:47.581425+02:00] logger.DEBUG: 2 fonts used {"context":"statistics"} []
[2024-05-28T14:42:22.847922+02:00] logger.DEBUG: Fetching content of file "../logoapex.png" with local basepath {"context":"remote_content"} []
[2024-05-28T14:42:22.974620+02:00] logger.DEBUG: PDF generated in 0.162248 seconds {"context":"statistics"} []
[2024-05-28T14:42:23.019149+02:00] logger.DEBUG: Compiled in 0.206771 seconds {"context":"statistics"} []
[2024-05-28T14:42:23.019212+02:00] logger.DEBUG: Peak Memory usage 20.00 MB {"context":"statistics"} []
[2024-05-28T14:42:23.019236+02:00] logger.DEBUG: PDF file size 136 kB {"context":"statistics"} []
[2024-05-28T14:42:23.019256+02:00] logger.DEBUG: 2 fonts used {"context":"statistics"} []
[2024-05-28T14:42:49.556668+02:00] logger.DEBUG: Fetching content of file "../logoapex.png" with local basepath {"context":"remote_content"} []
[2024-05-28T14:42:49.674473+02:00] logger.DEBUG: PDF generated in 0.146278 seconds {"context":"statistics"} []
[2024-05-28T14:42:49.715414+02:00] logger.DEBUG: Compiled in 0.187214 seconds {"context":"statistics"} []
[2024-05-28T14:42:49.715476+02:00] logger.DEBUG: Peak Memory usage 20.00 MB {"context":"statistics"} []
[2024-05-28T14:42:49.715500+02:00] logger.DEBUG: PDF file size 136 kB {"context":"statistics"} []
[2024-05-28T14:42:49.715520+02:00] logger.DEBUG: 2 fonts used {"context":"statistics"} []
[2024-05-28T14:43:09.725538+02:00] logger.DEBUG: Fetching content of file "../logoapex.png" with local basepath {"context":"remote_content"} []
[2024-05-28T14:43:09.933934+02:00] logger.DEBUG: PDF generated in 0.262894 seconds {"context":"statistics"} []
[2024-05-28T14:43:10.000894+02:00] logger.DEBUG: Compiled in 0.329847 seconds {"context":"statistics"} []
[2024-05-28T14:43:10.001039+02:00] logger.DEBUG: Peak Memory usage 12.00 MB {"context":"statistics"} []
[2024-05-28T14:43:10.001080+02:00] logger.DEBUG: PDF file size 135 kB {"context":"statistics"} []
[2024-05-28T14:43:10.001115+02:00] logger.DEBUG: 2 fonts used {"context":"statistics"} []
[2024-05-28T14:44:01.545953+02:00] logger.DEBUG: Fetching content of file "../logoapex.png" with local basepath {"context":"remote_content"} []
[2024-05-28T14:44:01.681137+02:00] logger.DEBUG: PDF generated in 0.162811 seconds {"context":"statistics"} []
[2024-05-28T14:44:01.727510+02:00] logger.DEBUG: Compiled in 0.209177 seconds {"context":"statistics"} []
[2024-05-28T14:44:01.727582+02:00] logger.DEBUG: Peak Memory usage 20.00 MB {"context":"statistics"} []
[2024-05-28T14:44:01.727777+02:00] logger.DEBUG: PDF file size 135 kB {"context":"statistics"} []
[2024-05-28T14:44:01.727811+02:00] logger.DEBUG: 2 fonts used {"context":"statistics"} []
[2024-05-28T14:44:57.627279+02:00] logger.DEBUG: Fetching content of file "../logoapex.png" with local basepath {"context":"remote_content"} []
[2024-05-28T14:44:57.751061+02:00] logger.DEBUG: PDF generated in 0.145983 seconds {"context":"statistics"} []
[2024-05-28T14:44:57.798156+02:00] logger.DEBUG: Compiled in 0.193080 seconds {"context":"statistics"} []
[2024-05-28T14:44:57.798224+02:00] logger.DEBUG: Peak Memory usage 20.00 MB {"context":"statistics"} []
[2024-05-28T14:44:57.798250+02:00] logger.DEBUG: PDF file size 135 kB {"context":"statistics"} []
[2024-05-28T14:44:57.798274+02:00] logger.DEBUG: 2 fonts used {"context":"statistics"} []
[2024-05-28T14:45:22.895381+02:00] logger.DEBUG: Fetching content of file "../logoapex.png" with local basepath {"context":"remote_content"} []
[2024-05-28T14:45:23.026172+02:00] logger.DEBUG: PDF generated in 0.158873 seconds {"context":"statistics"} []
[2024-05-28T14:45:23.069760+02:00] logger.DEBUG: Compiled in 0.202456 seconds {"context":"statistics"} []
[2024-05-28T14:45:23.069819+02:00] logger.DEBUG: Peak Memory usage 20.00 MB {"context":"statistics"} []
[2024-05-28T14:45:23.069843+02:00] logger.DEBUG: PDF file size 135 kB {"context":"statistics"} []
[2024-05-28T14:45:23.069862+02:00] logger.DEBUG: 2 fonts used {"context":"statistics"} []
[2024-05-28T14:46:40.408955+02:00] logger.DEBUG: Fetching content of file "../logoapex.png" with local basepath {"context":"remote_content"} []
[2024-05-28T14:46:40.555431+02:00] logger.DEBUG: PDF generated in 0.176984 seconds {"context":"statistics"} []
[2024-05-28T14:46:40.606142+02:00] logger.DEBUG: Compiled in 0.227685 seconds {"context":"statistics"} []
[2024-05-28T14:46:40.606223+02:00] logger.DEBUG: Peak Memory usage 12.00 MB {"context":"statistics"} []
[2024-05-28T14:46:40.606252+02:00] logger.DEBUG: PDF file size 135 kB {"context":"statistics"} []
[2024-05-28T14:46:40.606276+02:00] logger.DEBUG: 2 fonts used {"context":"statistics"} []
[2024-05-28T14:47:26.017684+02:00] logger.DEBUG: Fetching content of file "../logoapex.png" with local basepath {"context":"remote_content"} []
[2024-05-28T14:47:26.130292+02:00] logger.DEBUG: PDF generated in 0.133994 seconds {"context":"statistics"} []
[2024-05-28T14:47:26.171135+02:00] logger.DEBUG: Compiled in 0.174832 seconds {"context":"statistics"} []
[2024-05-28T14:47:26.171201+02:00] logger.DEBUG: Peak Memory usage 20.00 MB {"context":"statistics"} []
[2024-05-28T14:47:26.171224+02:00] logger.DEBUG: PDF file size 135 kB {"context":"statistics"} []
[2024-05-28T14:47:26.171243+02:00] logger.DEBUG: 2 fonts used {"context":"statistics"} []
[2024-05-28T14:48:31.195375+02:00] logger.DEBUG: Fetching content of file "../logoapex.png" with local basepath {"context":"remote_content"} []
[2024-05-28T14:48:31.356995+02:00] logger.DEBUG: PDF generated in 0.187820 seconds {"context":"statistics"} []
[2024-05-28T14:48:31.408187+02:00] logger.DEBUG: Compiled in 0.239004 seconds {"context":"statistics"} []
[2024-05-28T14:48:31.408281+02:00] logger.DEBUG: Peak Memory usage 12.00 MB {"context":"statistics"} []
[2024-05-28T14:48:31.408311+02:00] logger.DEBUG: PDF file size 135 kB {"context":"statistics"} []
[2024-05-28T14:48:31.408335+02:00] logger.DEBUG: 2 fonts used {"context":"statistics"} []
[2024-05-28T14:50:45.596260+02:00] logger.DEBUG: Fetching content of file "../logoapex.png" with local basepath {"context":"remote_content"} []
[2024-05-28T14:50:45.723776+02:00] logger.DEBUG: PDF generated in 0.150004 seconds {"context":"statistics"} []
[2024-05-28T14:50:45.765405+02:00] logger.DEBUG: Compiled in 0.191627 seconds {"context":"statistics"} []
[2024-05-28T14:50:45.765479+02:00] logger.DEBUG: Peak Memory usage 20.00 MB {"context":"statistics"} []
[2024-05-28T14:50:45.765505+02:00] logger.DEBUG: PDF file size 135 kB {"context":"statistics"} []
[2024-05-28T14:50:45.765846+02:00] logger.DEBUG: 2 fonts used {"context":"statistics"} []
[2024-05-28T14:52:58.919447+02:00] logger.DEBUG: Fetching content of file "../logoapex.png" with local basepath {"context":"remote_content"} []
[2024-05-28T14:52:59.127362+02:00] logger.DEBUG: PDF generated in 0.270361 seconds {"context":"statistics"} []
[2024-05-28T14:52:59.211979+02:00] logger.DEBUG: Compiled in 0.354918 seconds {"context":"statistics"} []
[2024-05-28T14:52:59.212207+02:00] logger.DEBUG: Peak Memory usage 22.00 MB {"context":"statistics"} []
[2024-05-28T14:52:59.212271+02:00] logger.DEBUG: PDF file size 136 kB {"context":"statistics"} []
[2024-05-28T14:52:59.212305+02:00] logger.DEBUG: 3 fonts used {"context":"statistics"} []
[2024-05-28T14:58:16.945571+02:00] logger.DEBUG: Fetching content of file "../logoapex.png" with local basepath {"context":"remote_content"} []
[2024-05-28T14:58:17.070616+02:00] logger.DEBUG: PDF generated in 0.149927 seconds {"context":"statistics"} []
[2024-05-28T14:58:17.134661+02:00] logger.DEBUG: Compiled in 0.213956 seconds {"context":"statistics"} []
[2024-05-28T14:58:17.134748+02:00] logger.DEBUG: Peak Memory usage 22.00 MB {"context":"statistics"} []
[2024-05-28T14:58:17.134771+02:00] logger.DEBUG: PDF file size 136 kB {"context":"statistics"} []
[2024-05-28T14:58:17.134792+02:00] logger.DEBUG: 3 fonts used {"context":"statistics"} []
[2024-05-28T14:59:40.456671+02:00] logger.DEBUG: Fetching content of file "../logoapex.png" with local basepath {"context":"remote_content"} []
[2024-05-28T14:59:40.589138+02:00] logger.DEBUG: PDF generated in 0.167951 seconds {"context":"statistics"} []
[2024-05-28T14:59:40.649029+02:00] logger.DEBUG: Compiled in 0.227834 seconds {"context":"statistics"} []
[2024-05-28T14:59:40.649104+02:00] logger.DEBUG: Peak Memory usage 22.00 MB {"context":"statistics"} []
[2024-05-28T14:59:40.649128+02:00] logger.DEBUG: PDF file size 136 kB {"context":"statistics"} []
[2024-05-28T14:59:40.649147+02:00] logger.DEBUG: 3 fonts used {"context":"statistics"} []
[2024-05-28T15:00:13.030810+02:00] logger.DEBUG: Fetching content of file "../logoapex.png" with local basepath {"context":"remote_content"} []
[2024-05-28T15:00:13.168595+02:00] logger.DEBUG: PDF generated in 0.171621 seconds {"context":"statistics"} []
[2024-05-28T15:00:13.230211+02:00] logger.DEBUG: Compiled in 0.233239 seconds {"context":"statistics"} []
[2024-05-28T15:00:13.230269+02:00] logger.DEBUG: Peak Memory usage 12.00 MB {"context":"statistics"} []
[2024-05-28T15:00:13.230292+02:00] logger.DEBUG: PDF file size 136 kB {"context":"statistics"} []
[2024-05-28T15:00:13.230311+02:00] logger.DEBUG: 3 fonts used {"context":"statistics"} []
[2024-05-28T15:01:02.238135+02:00] logger.DEBUG: Fetching content of file "../logoapex.png" with local basepath {"context":"remote_content"} []
[2024-05-28T15:01:02.368413+02:00] logger.DEBUG: PDF generated in 0.153648 seconds {"context":"statistics"} []
[2024-05-28T15:01:02.430088+02:00] logger.DEBUG: Compiled in 0.215314 seconds {"context":"statistics"} []
[2024-05-28T15:01:02.430159+02:00] logger.DEBUG: Peak Memory usage 8.00 MB {"context":"statistics"} []
[2024-05-28T15:01:02.430182+02:00] logger.DEBUG: PDF file size 136 kB {"context":"statistics"} []
[2024-05-28T15:01:02.430202+02:00] logger.DEBUG: 3 fonts used {"context":"statistics"} []
[2024-05-28T15:02:29.886236+02:00] logger.DEBUG: Fetching content of file "../logoapex.png" with local basepath {"context":"remote_content"} []
[2024-05-28T15:02:30.035830+02:00] logger.DEBUG: PDF generated in 0.177833 seconds {"context":"statistics"} []
[2024-05-28T15:02:30.111246+02:00] logger.DEBUG: Compiled in 0.253234 seconds {"context":"statistics"} []
[2024-05-28T15:02:30.111343+02:00] logger.DEBUG: Peak Memory usage 6.00 MB {"context":"statistics"} []
[2024-05-28T15:02:30.111367+02:00] logger.DEBUG: PDF file size 136 kB {"context":"statistics"} []
[2024-05-28T15:02:30.111387+02:00] logger.DEBUG: 3 fonts used {"context":"statistics"} []
[2024-05-28T15:03:31.771555+02:00] logger.DEBUG: Fetching content of file "../logoapex.png" with local basepath {"context":"remote_content"} []
[2024-05-28T15:03:31.904842+02:00] logger.DEBUG: PDF generated in 0.158787 seconds {"context":"statistics"} []
[2024-05-28T15:03:31.964567+02:00] logger.DEBUG: Compiled in 0.218505 seconds {"context":"statistics"} []
[2024-05-28T15:03:31.964633+02:00] logger.DEBUG: Peak Memory usage 4.00 MB {"context":"statistics"} []
[2024-05-28T15:03:31.964657+02:00] logger.DEBUG: PDF file size 136 kB {"context":"statistics"} []
[2024-05-28T15:03:31.964677+02:00] logger.DEBUG: 3 fonts used {"context":"statistics"} []
[2024-05-28T15:04:49.822256+02:00] logger.DEBUG: Fetching content of file "../logoapex.png" with local basepath {"context":"remote_content"} []
[2024-05-28T15:04:49.952463+02:00] logger.DEBUG: PDF generated in 0.153197 seconds {"context":"statistics"} []
[2024-05-28T15:04:50.016104+02:00] logger.DEBUG: Compiled in 0.216834 seconds {"context":"statistics"} []
[2024-05-28T15:04:50.016162+02:00] logger.DEBUG: Peak Memory usage 4.00 MB {"context":"statistics"} []
[2024-05-28T15:04:50.016184+02:00] logger.DEBUG: PDF file size 136 kB {"context":"statistics"} []
[2024-05-28T15:04:50.016204+02:00] logger.DEBUG: 3 fonts used {"context":"statistics"} []
[2024-05-28T15:07:01.270644+02:00] logger.DEBUG: Fetching content of file "../logoapex.png" with local basepath {"context":"remote_content"} []
[2024-05-28T15:07:01.411443+02:00] logger.DEBUG: PDF generated in 0.164428 seconds {"context":"statistics"} []
[2024-05-28T15:07:01.474141+02:00] logger.DEBUG: Compiled in 0.227128 seconds {"context":"statistics"} []
[2024-05-28T15:07:01.474208+02:00] logger.DEBUG: Peak Memory usage 4.00 MB {"context":"statistics"} []
[2024-05-28T15:07:01.474231+02:00] logger.DEBUG: PDF file size 136 kB {"context":"statistics"} []
[2024-05-28T15:07:01.474251+02:00] logger.DEBUG: 3 fonts used {"context":"statistics"} []
[2024-05-28T15:07:09.870419+02:00] logger.DEBUG: Fetching content of file "../logoapex.png" with local basepath {"context":"remote_content"} []
[2024-05-28T15:07:09.985691+02:00] logger.DEBUG: PDF generated in 0.129758 seconds {"context":"statistics"} []
[2024-05-28T15:07:10.037581+02:00] logger.DEBUG: Compiled in 0.181643 seconds {"context":"statistics"} []
[2024-05-28T15:07:10.037650+02:00] logger.DEBUG: Peak Memory usage 2.00 MB {"context":"statistics"} []
[2024-05-28T15:07:10.037672+02:00] logger.DEBUG: PDF file size 136 kB {"context":"statistics"} []
[2024-05-28T15:07:10.037692+02:00] logger.DEBUG: 3 fonts used {"context":"statistics"} []
[2024-05-28T15:07:53.950279+02:00] logger.DEBUG: Fetching content of file "../logoapex.png" with local basepath {"context":"remote_content"} []
[2024-05-28T15:07:54.079956+02:00] logger.DEBUG: PDF generated in 0.152533 seconds {"context":"statistics"} []
[2024-05-28T15:07:54.137768+02:00] logger.DEBUG: Compiled in 0.210343 seconds {"context":"statistics"} []
[2024-05-28T15:07:54.137825+02:00] logger.DEBUG: Peak Memory usage 2.00 MB {"context":"statistics"} []
[2024-05-28T15:07:54.137847+02:00] logger.DEBUG: PDF file size 136 kB {"context":"statistics"} []
[2024-05-28T15:07:54.137866+02:00] logger.DEBUG: 3 fonts used {"context":"statistics"} []
[2024-05-28T15:08:11.728664+02:00] logger.DEBUG: Fetching content of file "../logoapex.png" with local basepath {"context":"remote_content"} []
[2024-05-28T15:08:11.852958+02:00] logger.DEBUG: PDF generated in 0.137919 seconds {"context":"statistics"} []
[2024-05-28T15:08:11.905445+02:00] logger.DEBUG: Compiled in 0.190402 seconds {"context":"statistics"} []
[2024-05-28T15:08:11.905507+02:00] logger.DEBUG: Peak Memory usage 2.00 MB {"context":"statistics"} []
[2024-05-28T15:08:11.905529+02:00] logger.DEBUG: PDF file size 137 kB {"context":"statistics"} []
[2024-05-28T15:08:11.905548+02:00] logger.DEBUG: 3 fonts used {"context":"statistics"} []
[2024-05-28T15:08:31.708002+02:00] logger.DEBUG: Fetching content of file "../logoapex.png" with local basepath {"context":"remote_content"} []
[2024-05-28T15:08:31.821706+02:00] logger.DEBUG: PDF generated in 0.129661 seconds {"context":"statistics"} []
[2024-05-28T15:08:31.873823+02:00] logger.DEBUG: Compiled in 0.181774 seconds {"context":"statistics"} []
[2024-05-28T15:08:31.873920+02:00] logger.DEBUG: Peak Memory usage 2.00 MB {"context":"statistics"} []
[2024-05-28T15:08:31.873946+02:00] logger.DEBUG: PDF file size 136 kB {"context":"statistics"} []
[2024-05-28T15:08:31.873966+02:00] logger.DEBUG: 3 fonts used {"context":"statistics"} []
[2024-05-28T15:09:06.619750+02:00] logger.DEBUG: Fetching content of file "../logoapex.png" with local basepath {"context":"remote_content"} []
[2024-05-28T15:09:06.739294+02:00] logger.DEBUG: PDF generated in 0.132667 seconds {"context":"statistics"} []
[2024-05-28T15:09:06.796622+02:00] logger.DEBUG: Compiled in 0.189990 seconds {"context":"statistics"} []
[2024-05-28T15:09:06.796685+02:00] logger.DEBUG: Peak Memory usage 2.00 MB {"context":"statistics"} []
[2024-05-28T15:09:06.796707+02:00] logger.DEBUG: PDF file size 136 kB {"context":"statistics"} []
[2024-05-28T15:09:06.796727+02:00] logger.DEBUG: 3 fonts used {"context":"statistics"} []
[2024-05-28T15:20:20.467255+02:00] logger.DEBUG: Fetching content of file "../logoapex.png" with local basepath {"context":"remote_content"} []
[2024-05-28T15:20:20.622745+02:00] logger.DEBUG: PDF generated in 0.212676 seconds {"context":"statistics"} []
[2024-05-28T15:20:20.710452+02:00] logger.DEBUG: Compiled in 0.300377 seconds {"context":"statistics"} []
[2024-05-28T15:20:20.710565+02:00] logger.DEBUG: Peak Memory usage 2.00 MB {"context":"statistics"} []
[2024-05-28T15:20:20.710590+02:00] logger.DEBUG: PDF file size 136 kB {"context":"statistics"} []
[2024-05-28T15:20:20.710609+02:00] logger.DEBUG: 3 fonts used {"context":"statistics"} []
[2024-05-28T15:21:31.467013+02:00] logger.DEBUG: Fetching content of file "../logoapex.png" with local basepath {"context":"remote_content"} []
[2024-05-28T15:21:31.619336+02:00] logger.DEBUG: PDF generated in 0.187011 seconds {"context":"statistics"} []
[2024-05-28T15:21:31.685399+02:00] logger.DEBUG: Compiled in 0.253065 seconds {"context":"statistics"} []
[2024-05-28T15:21:31.685505+02:00] logger.DEBUG: Peak Memory usage 2.00 MB {"context":"statistics"} []
[2024-05-28T15:21:31.685532+02:00] logger.DEBUG: PDF file size 136 kB {"context":"statistics"} []
[2024-05-28T15:21:31.685557+02:00] logger.DEBUG: 3 fonts used {"context":"statistics"} []
[2024-05-28T15:22:05.095226+02:00] logger.DEBUG: Fetching content of file "../logoapex.png" with local basepath {"context":"remote_content"} []
[2024-05-28T15:22:05.223435+02:00] logger.DEBUG: PDF generated in 0.153203 seconds {"context":"statistics"} []
[2024-05-28T15:22:05.286470+02:00] logger.DEBUG: Compiled in 0.216224 seconds {"context":"statistics"} []
[2024-05-28T15:22:05.286557+02:00] logger.DEBUG: Peak Memory usage 22.00 MB {"context":"statistics"} []
[2024-05-28T15:22:05.286581+02:00] logger.DEBUG: PDF file size 136 kB {"context":"statistics"} []
[2024-05-28T15:22:05.286601+02:00] logger.DEBUG: 3 fonts used {"context":"statistics"} []
[2024-05-28T15:23:03.325611+02:00] logger.DEBUG: Fetching content of file "../logoapex.png" with local basepath {"context":"remote_content"} []
[2024-05-28T15:23:03.458688+02:00] logger.DEBUG: PDF generated in 0.159979 seconds {"context":"statistics"} []
[2024-05-28T15:23:03.519256+02:00] logger.DEBUG: Compiled in 0.220533 seconds {"context":"statistics"} []
[2024-05-28T15:23:03.519366+02:00] logger.DEBUG: Peak Memory usage 12.00 MB {"context":"statistics"} []
[2024-05-28T15:23:03.519415+02:00] logger.DEBUG: PDF file size 135 kB {"context":"statistics"} []
[2024-05-28T15:23:03.519456+02:00] logger.DEBUG: 3 fonts used {"context":"statistics"} []
[2024-05-28T15:25:03.883445+02:00] logger.DEBUG: Fetching content of file "../logoapex.png" with local basepath {"context":"remote_content"} []
[2024-05-28T15:25:04.024127+02:00] logger.DEBUG: PDF generated in 0.163167 seconds {"context":"statistics"} []
[2024-05-28T15:25:04.092194+02:00] logger.DEBUG: Compiled in 0.231227 seconds {"context":"statistics"} []
[2024-05-28T15:25:04.092275+02:00] logger.DEBUG: Peak Memory usage 8.00 MB {"context":"statistics"} []
[2024-05-28T15:25:04.092623+02:00] logger.DEBUG: PDF file size 135 kB {"context":"statistics"} []
[2024-05-28T15:25:04.092658+02:00] logger.DEBUG: 3 fonts used {"context":"statistics"} []
[2024-05-28T15:26:08.590389+02:00] logger.DEBUG: Fetching content of file "../logoapex.png" with local basepath {"context":"remote_content"} []
[2024-05-28T15:26:08.723839+02:00] logger.DEBUG: PDF generated in 0.161007 seconds {"context":"statistics"} []
[2024-05-28T15:26:08.787937+02:00] logger.DEBUG: Compiled in 0.225100 seconds {"context":"statistics"} []
[2024-05-28T15:26:08.788011+02:00] logger.DEBUG: Peak Memory usage 22.00 MB {"context":"statistics"} []
[2024-05-28T15:26:08.788034+02:00] logger.DEBUG: PDF file size 135 kB {"context":"statistics"} []
[2024-05-28T15:26:08.788054+02:00] logger.DEBUG: 3 fonts used {"context":"statistics"} []
[2024-05-28T15:27:16.085060+02:00] logger.DEBUG: Fetching content of file "../logoapex.png" with local basepath {"context":"remote_content"} []
[2024-05-28T15:27:16.213722+02:00] logger.DEBUG: PDF generated in 0.150357 seconds {"context":"statistics"} []
[2024-05-28T15:27:16.276680+02:00] logger.DEBUG: Compiled in 0.213310 seconds {"context":"statistics"} []
[2024-05-28T15:27:16.276739+02:00] logger.DEBUG: Peak Memory usage 12.00 MB {"context":"statistics"} []
[2024-05-28T15:27:16.276762+02:00] logger.DEBUG: PDF file size 135 kB {"context":"statistics"} []
[2024-05-28T15:27:16.276781+02:00] logger.DEBUG: 3 fonts used {"context":"statistics"} []
[2024-05-28T15:27:38.891436+02:00] logger.DEBUG: Fetching content of file "../logoapex.png" with local basepath {"context":"remote_content"} []
[2024-05-28T15:27:39.030913+02:00] logger.DEBUG: PDF generated in 0.166632 seconds {"context":"statistics"} []
[2024-05-28T15:27:39.090466+02:00] logger.DEBUG: Compiled in 0.226191 seconds {"context":"statistics"} []
[2024-05-28T15:27:39.090524+02:00] logger.DEBUG: Peak Memory usage 8.00 MB {"context":"statistics"} []
[2024-05-28T15:27:39.090547+02:00] logger.DEBUG: PDF file size 135 kB {"context":"statistics"} []
[2024-05-28T15:27:39.090567+02:00] logger.DEBUG: 3 fonts used {"context":"statistics"} []
[2024-05-28T15:28:41.030255+02:00] logger.DEBUG: Fetching content of file "../logoapex.png" with local basepath {"context":"remote_content"} []
[2024-05-28T15:28:41.209104+02:00] logger.DEBUG: PDF generated in 0.204563 seconds {"context":"statistics"} []
[2024-05-28T15:28:41.283101+02:00] logger.DEBUG: Compiled in 0.278555 seconds {"context":"statistics"} []
[2024-05-28T15:28:41.283173+02:00] logger.DEBUG: Peak Memory usage 6.00 MB {"context":"statistics"} []
[2024-05-28T15:28:41.283197+02:00] logger.DEBUG: PDF file size 135 kB {"context":"statistics"} []
[2024-05-28T15:28:41.283218+02:00] logger.DEBUG: 3 fonts used {"context":"statistics"} []
[2024-05-28T15:29:52.490392+02:00] logger.DEBUG: Fetching content of file "../logoapex.png" with local basepath {"context":"remote_content"} []
[2024-05-28T15:29:52.648836+02:00] logger.DEBUG: PDF generated in 0.182682 seconds {"context":"statistics"} []
[2024-05-28T15:29:52.712901+02:00] logger.DEBUG: Compiled in 0.246740 seconds {"context":"statistics"} []
[2024-05-28T15:29:52.712972+02:00] logger.DEBUG: Peak Memory usage 4.00 MB {"context":"statistics"} []
[2024-05-28T15:29:52.712994+02:00] logger.DEBUG: PDF file size 136 kB {"context":"statistics"} []
[2024-05-28T15:29:52.713017+02:00] logger.DEBUG: 3 fonts used {"context":"statistics"} []
[2024-05-28T15:31:01.703784+02:00] logger.DEBUG: Fetching content of file "../logoapex.png" with local basepath {"context":"remote_content"} []
[2024-05-28T15:31:01.843492+02:00] logger.DEBUG: PDF generated in 0.163427 seconds {"context":"statistics"} []
[2024-05-28T15:31:01.909116+02:00] logger.DEBUG: Compiled in 0.229047 seconds {"context":"statistics"} []
[2024-05-28T15:31:01.909176+02:00] logger.DEBUG: Peak Memory usage 4.00 MB {"context":"statistics"} []
[2024-05-28T15:31:01.909198+02:00] logger.DEBUG: PDF file size 136 kB {"context":"statistics"} []
[2024-05-28T15:31:01.909217+02:00] logger.DEBUG: 3 fonts used {"context":"statistics"} []
[2024-05-28T15:32:46.983929+02:00] logger.DEBUG: Fetching content of file "../logoapex.png" with local basepath {"context":"remote_content"} []
[2024-05-28T15:32:47.121227+02:00] logger.DEBUG: PDF generated in 0.158527 seconds {"context":"statistics"} []
[2024-05-28T15:32:47.184267+02:00] logger.DEBUG: Compiled in 0.221558 seconds {"context":"statistics"} []
[2024-05-28T15:32:47.184337+02:00] logger.DEBUG: Peak Memory usage 4.00 MB {"context":"statistics"} []
[2024-05-28T15:32:47.184361+02:00] logger.DEBUG: PDF file size 136 kB {"context":"statistics"} []
[2024-05-28T15:32:47.184383+02:00] logger.DEBUG: 3 fonts used {"context":"statistics"} []
[2024-05-28T15:34:08.023641+02:00] logger.DEBUG: Fetching content of file "../logoapex.png" with local basepath {"context":"remote_content"} []
[2024-05-28T15:34:08.162783+02:00] logger.DEBUG: PDF generated in 0.161916 seconds {"context":"statistics"} []
[2024-05-28T15:34:08.221911+02:00] logger.DEBUG: Compiled in 0.221040 seconds {"context":"statistics"} []
[2024-05-28T15:34:08.221969+02:00] logger.DEBUG: Peak Memory usage 2.00 MB {"context":"statistics"} []
[2024-05-28T15:34:08.221992+02:00] logger.DEBUG: PDF file size 136 kB {"context":"statistics"} []
[2024-05-28T15:34:08.222011+02:00] logger.DEBUG: 3 fonts used {"context":"statistics"} []
[2024-05-28T15:35:45.918725+02:00] logger.DEBUG: Fetching content of file "../logoapex.png" with local basepath {"context":"remote_content"} []
[2024-05-28T15:35:46.050520+02:00] logger.DEBUG: PDF generated in 0.154053 seconds {"context":"statistics"} []
[2024-05-28T15:35:46.110999+02:00] logger.DEBUG: Compiled in 0.214526 seconds {"context":"statistics"} []
[2024-05-28T15:35:46.111058+02:00] logger.DEBUG: Peak Memory usage 2.00 MB {"context":"statistics"} []
[2024-05-28T15:35:46.111080+02:00] logger.DEBUG: PDF file size 136 kB {"context":"statistics"} []
[2024-05-28T15:35:46.111100+02:00] logger.DEBUG: 3 fonts used {"context":"statistics"} []
[2024-05-28T15:37:13.285082+02:00] logger.DEBUG: Fetching content of file "../logoapex.png" with local basepath {"context":"remote_content"} []
[2024-05-28T15:37:13.420975+02:00] logger.DEBUG: PDF generated in 0.163279 seconds {"context":"statistics"} []
[2024-05-28T15:37:13.487813+02:00] logger.DEBUG: Compiled in 0.230096 seconds {"context":"statistics"} []
[2024-05-28T15:37:13.487908+02:00] logger.DEBUG: Peak Memory usage 22.00 MB {"context":"statistics"} []
[2024-05-28T15:37:13.487932+02:00] logger.DEBUG: PDF file size 136 kB {"context":"statistics"} []
[2024-05-28T15:37:13.487952+02:00] logger.DEBUG: 3 fonts used {"context":"statistics"} []
[2024-05-28T15:39:18.670946+02:00] logger.DEBUG: Fetching content of file "../logoapex.png" with local basepath {"context":"remote_content"} []
[2024-05-28T15:39:18.805551+02:00] logger.DEBUG: PDF generated in 0.156574 seconds {"context":"statistics"} []
[2024-05-28T15:39:18.869360+02:00] logger.DEBUG: Compiled in 0.220372 seconds {"context":"statistics"} []
[2024-05-28T15:39:18.869441+02:00] logger.DEBUG: Peak Memory usage 12.00 MB {"context":"statistics"} []
[2024-05-28T15:39:18.869468+02:00] logger.DEBUG: PDF file size 136 kB {"context":"statistics"} []
[2024-05-28T15:39:18.869488+02:00] logger.DEBUG: 3 fonts used {"context":"statistics"} []
[2024-05-28T15:40:03.982533+02:00] logger.DEBUG: Fetching content of file "../logoapex.png" with local basepath {"context":"remote_content"} []
[2024-05-28T15:40:04.182679+02:00] logger.DEBUG: PDF generated in 0.275862 seconds {"context":"statistics"} []
[2024-05-28T15:40:04.262594+02:00] logger.DEBUG: Compiled in 0.355772 seconds {"context":"statistics"} []
[2024-05-28T15:40:04.262690+02:00] logger.DEBUG: Peak Memory usage 8.00 MB {"context":"statistics"} []
[2024-05-28T15:40:04.262713+02:00] logger.DEBUG: PDF file size 136 kB {"context":"statistics"} []
[2024-05-28T15:40:04.262733+02:00] logger.DEBUG: 3 fonts used {"context":"statistics"} []
[2024-05-28T15:41:28.653825+02:00] logger.DEBUG: Fetching content of file "../logoapex.png" with local basepath {"context":"remote_content"} []
[2024-05-28T15:41:28.788258+02:00] logger.DEBUG: PDF generated in 0.156856 seconds {"context":"statistics"} []
[2024-05-28T15:41:28.850167+02:00] logger.DEBUG: Compiled in 0.218759 seconds {"context":"statistics"} []
[2024-05-28T15:41:28.850225+02:00] logger.DEBUG: Peak Memory usage 6.00 MB {"context":"statistics"} []
[2024-05-28T15:41:28.850247+02:00] logger.DEBUG: PDF file size 136 kB {"context":"statistics"} []
[2024-05-28T15:41:28.850267+02:00] logger.DEBUG: 3 fonts used {"context":"statistics"} []
[2024-05-28T15:55:40.130866+02:00] logger.DEBUG: Fetching content of file "../logoapex.png" with local basepath {"context":"remote_content"} []
[2024-05-28T15:55:40.292510+02:00] logger.DEBUG: PDF generated in 0.191826 seconds {"context":"statistics"} []
[2024-05-28T15:55:40.360706+02:00] logger.DEBUG: Compiled in 0.260025 seconds {"context":"statistics"} []
[2024-05-28T15:55:40.360777+02:00] logger.DEBUG: Peak Memory usage 4.00 MB {"context":"statistics"} []
[2024-05-28T15:55:40.360814+02:00] logger.DEBUG: PDF file size 136 kB {"context":"statistics"} []
[2024-05-28T15:55:40.360840+02:00] logger.DEBUG: 3 fonts used {"context":"statistics"} []
[2024-05-28T15:56:27.488543+02:00] logger.DEBUG: Fetching content of file "../logoapex.png" with local basepath {"context":"remote_content"} []
[2024-05-28T15:56:27.619450+02:00] logger.DEBUG: PDF generated in 0.156258 seconds {"context":"statistics"} []
[2024-05-28T15:56:27.680486+02:00] logger.DEBUG: Compiled in 0.217289 seconds {"context":"statistics"} []
[2024-05-28T15:56:27.680545+02:00] logger.DEBUG: Peak Memory usage 22.00 MB {"context":"statistics"} []
[2024-05-28T15:56:27.680568+02:00] logger.DEBUG: PDF file size 136 kB {"context":"statistics"} []
[2024-05-28T15:56:27.680588+02:00] logger.DEBUG: 3 fonts used {"context":"statistics"} []
[2024-05-28T15:59:44.584545+02:00] logger.DEBUG: Fetching content of file "../logoapex.png" with local basepath {"context":"remote_content"} []
[2024-05-28T15:59:44.723377+02:00] logger.DEBUG: PDF generated in 0.161599 seconds {"context":"statistics"} []
[2024-05-28T15:59:44.786923+02:00] logger.DEBUG: Compiled in 0.225141 seconds {"context":"statistics"} []
[2024-05-28T15:59:44.786981+02:00] logger.DEBUG: Peak Memory usage 12.00 MB {"context":"statistics"} []
[2024-05-28T15:59:44.787005+02:00] logger.DEBUG: PDF file size 136 kB {"context":"statistics"} []
[2024-05-28T15:59:44.787024+02:00] logger.DEBUG: 3 fonts used {"context":"statistics"} []
[2024-06-09T06:04:06.165830+02:00] logger.DEBUG: Fetching content of file "../logoapex.png" with local basepath {"context":"remote_content"} []
[2024-06-09T06:04:06.613169+02:00] logger.DEBUG: PDF generated in 0.731441 seconds {"context":"statistics"} []
[2024-06-09T06:04:06.834618+02:00] logger.DEBUG: Compiled in 0.952880 seconds {"context":"statistics"} []
[2024-06-09T06:04:06.835185+02:00] logger.DEBUG: Peak Memory usage 22.00 MB {"context":"statistics"} []
[2024-06-09T06:04:06.835275+02:00] logger.DEBUG: PDF file size 136 kB {"context":"statistics"} []
[2024-06-09T06:04:06.835325+02:00] logger.DEBUG: 3 fonts used {"context":"statistics"} []
[2024-06-14T04:48:31.197321+02:00] logger.DEBUG: Fetching content of file "../logoapex.png" with local basepath {"context":"remote_content"} []
[2024-06-14T04:48:31.600319+02:00] logger.DEBUG: PDF generated in 0.715245 seconds {"context":"statistics"} []
[2024-06-14T04:48:31.803791+02:00] logger.DEBUG: Compiled in 0.918694 seconds {"context":"statistics"} []
[2024-06-14T04:48:31.803929+02:00] logger.DEBUG: Peak Memory usage 22.00 MB {"context":"statistics"} []
[2024-06-14T04:48:31.803984+02:00] logger.DEBUG: PDF file size 136 kB {"context":"statistics"} []
[2024-06-14T04:48:31.804094+02:00] logger.DEBUG: 3 fonts used {"context":"statistics"} []
[2024-06-14T04:51:56.821698+02:00] logger.DEBUG: Fetching content of file "../logoapex.png" with local basepath {"context":"remote_content"} []
[2024-06-14T04:51:56.955387+02:00] logger.DEBUG: PDF generated in 0.157071 seconds {"context":"statistics"} []
[2024-06-14T04:51:57.023034+02:00] logger.DEBUG: Compiled in 0.224710 seconds {"context":"statistics"} []
[2024-06-14T04:51:57.023097+02:00] logger.DEBUG: Peak Memory usage 12.00 MB {"context":"statistics"} []
[2024-06-14T04:51:57.023120+02:00] logger.DEBUG: PDF file size 136 kB {"context":"statistics"} []
[2024-06-14T04:51:57.023139+02:00] logger.DEBUG: 3 fonts used {"context":"statistics"} []
[2024-06-14T04:52:21.748325+02:00] logger.DEBUG: Fetching content of file "../logoapex.png" with local basepath {"context":"remote_content"} []
[2024-06-14T04:52:21.905063+02:00] logger.DEBUG: PDF generated in 0.182545 seconds {"context":"statistics"} []
[2024-06-14T04:52:21.975117+02:00] logger.DEBUG: Compiled in 0.252596 seconds {"context":"statistics"} []
[2024-06-14T04:52:21.975185+02:00] logger.DEBUG: Peak Memory usage 8.00 MB {"context":"statistics"} []
[2024-06-14T04:52:21.975208+02:00] logger.DEBUG: PDF file size 136 kB {"context":"statistics"} []
[2024-06-14T04:52:21.975227+02:00] logger.DEBUG: 3 fonts used {"context":"statistics"} []
[2024-06-14T04:52:36.879346+02:00] logger.DEBUG: Fetching content of file "../logoapex.png" with local basepath {"context":"remote_content"} []
[2024-06-14T04:52:37.017859+02:00] logger.DEBUG: PDF generated in 0.161678 seconds {"context":"statistics"} []
[2024-06-14T04:52:37.085232+02:00] logger.DEBUG: Compiled in 0.229050 seconds {"context":"statistics"} []
[2024-06-14T04:52:37.085301+02:00] logger.DEBUG: Peak Memory usage 6.00 MB {"context":"statistics"} []
[2024-06-14T04:52:37.085326+02:00] logger.DEBUG: PDF file size 136 kB {"context":"statistics"} []
[2024-06-14T04:52:37.085360+02:00] logger.DEBUG: 3 fonts used {"context":"statistics"} []
[2024-06-14T04:53:09.003602+02:00] logger.DEBUG: Fetching content of file "../logoapex.png" with local basepath {"context":"remote_content"} []
[2024-06-14T04:53:09.158265+02:00] logger.DEBUG: PDF generated in 0.176732 seconds {"context":"statistics"} []
[2024-06-14T04:53:09.221152+02:00] logger.DEBUG: Compiled in 0.239617 seconds {"context":"statistics"} []
[2024-06-14T04:53:09.221209+02:00] logger.DEBUG: Peak Memory usage 4.00 MB {"context":"statistics"} []
[2024-06-14T04:53:09.221231+02:00] logger.DEBUG: PDF file size 136 kB {"context":"statistics"} []
[2024-06-14T04:53:09.221250+02:00] logger.DEBUG: 3 fonts used {"context":"statistics"} []
[2024-06-14T05:05:42.550633+02:00] logger.DEBUG: Fetching content of file "../logoapex.png" with local basepath {"context":"remote_content"} []
[2024-06-14T05:05:42.697878+02:00] logger.DEBUG: PDF generated in 0.169722 seconds {"context":"statistics"} []
[2024-06-14T05:05:42.767814+02:00] logger.DEBUG: Compiled in 0.239649 seconds {"context":"statistics"} []
[2024-06-14T05:05:42.767892+02:00] logger.DEBUG: Peak Memory usage 4.00 MB {"context":"statistics"} []
[2024-06-14T05:05:42.767923+02:00] logger.DEBUG: PDF file size 136 kB {"context":"statistics"} []
[2024-06-14T05:05:42.767948+02:00] logger.DEBUG: 3 fonts used {"context":"statistics"} []
[2024-06-14T05:06:38.539983+02:00] logger.DEBUG: Fetching content of file "../logoapex.png" with local basepath {"context":"remote_content"} []
[2024-06-14T05:06:38.680889+02:00] logger.DEBUG: PDF generated in 0.164146 seconds {"context":"statistics"} []
[2024-06-14T05:06:38.743561+02:00] logger.DEBUG: Compiled in 0.226815 seconds {"context":"statistics"} []
[2024-06-14T05:06:38.743617+02:00] logger.DEBUG: Peak Memory usage 4.00 MB {"context":"statistics"} []
[2024-06-14T05:06:38.743640+02:00] logger.DEBUG: PDF file size 136 kB {"context":"statistics"} []
[2024-06-14T05:06:38.743659+02:00] logger.DEBUG: 3 fonts used {"context":"statistics"} []
[2024-06-14T05:07:01.991317+02:00] logger.DEBUG: Fetching content of file "../logoapex.png" with local basepath {"context":"remote_content"} []
[2024-06-14T05:07:02.152988+02:00] logger.DEBUG: PDF generated in 0.173890 seconds {"context":"statistics"} []
[2024-06-14T05:07:02.210395+02:00] logger.DEBUG: Compiled in 0.231291 seconds {"context":"statistics"} []
[2024-06-14T05:07:02.210490+02:00] logger.DEBUG: Peak Memory usage 2.00 MB {"context":"statistics"} []
[2024-06-14T05:07:02.210512+02:00] logger.DEBUG: PDF file size 136 kB {"context":"statistics"} []
[2024-06-14T05:07:02.210531+02:00] logger.DEBUG: 3 fonts used {"context":"statistics"} []
[2024-06-14T05:10:26.672679+02:00] logger.DEBUG: Fetching content of file "../logoapex.png" with local basepath {"context":"remote_content"} []
[2024-06-14T05:10:26.837769+02:00] logger.DEBUG: PDF generated in 0.185827 seconds {"context":"statistics"} []
[2024-06-14T05:10:26.907260+02:00] logger.DEBUG: Compiled in 0.255331 seconds {"context":"statistics"} []
[2024-06-14T05:10:26.907317+02:00] logger.DEBUG: Peak Memory usage 12.00 MB {"context":"statistics"} []
[2024-06-14T05:10:26.907340+02:00] logger.DEBUG: PDF file size 137 kB {"context":"statistics"} []
[2024-06-14T05:10:26.907359+02:00] logger.DEBUG: 3 fonts used {"context":"statistics"} []
[2024-06-14T05:11:30.976104+02:00] logger.DEBUG: Fetching content of file "../logoapex.png" with local basepath {"context":"remote_content"} []
[2024-06-14T05:11:31.151415+02:00] logger.DEBUG: PDF generated in 0.201555 seconds {"context":"statistics"} []
[2024-06-14T05:11:31.216213+02:00] logger.DEBUG: Compiled in 0.266400 seconds {"context":"statistics"} []
[2024-06-14T05:11:31.216269+02:00] logger.DEBUG: Peak Memory usage 8.00 MB {"context":"statistics"} []
[2024-06-14T05:11:31.216292+02:00] logger.DEBUG: PDF file size 137 kB {"context":"statistics"} []
[2024-06-14T05:11:31.216312+02:00] logger.DEBUG: 3 fonts used {"context":"statistics"} []
[2024-06-14T05:13:41.455964+02:00] logger.DEBUG: Fetching content of file "../logoapex.png" with local basepath {"context":"remote_content"} []
[2024-06-14T05:13:41.624570+02:00] logger.DEBUG: PDF generated in 0.193213 seconds {"context":"statistics"} []
[2024-06-14T05:13:41.690162+02:00] logger.DEBUG: Compiled in 0.258791 seconds {"context":"statistics"} []
[2024-06-14T05:13:41.690279+02:00] logger.DEBUG: Peak Memory usage 6.00 MB {"context":"statistics"} []
[2024-06-14T05:13:41.690329+02:00] logger.DEBUG: PDF file size 137 kB {"context":"statistics"} []
[2024-06-14T05:13:41.690354+02:00] logger.DEBUG: 3 fonts used {"context":"statistics"} []
[2024-06-14T05:23:29.967854+02:00] logger.DEBUG: Fetching content of file "../logoapex.png" with local basepath {"context":"remote_content"} []
[2024-06-14T05:23:30.133996+02:00] logger.DEBUG: PDF generated in 0.200280 seconds {"context":"statistics"} []
[2024-06-14T05:23:30.195492+02:00] logger.DEBUG: Compiled in 0.261771 seconds {"context":"statistics"} []
[2024-06-14T05:23:30.195548+02:00] logger.DEBUG: Peak Memory usage 4.00 MB {"context":"statistics"} []
[2024-06-14T05:23:30.195571+02:00] logger.DEBUG: PDF file size 137 kB {"context":"statistics"} []
[2024-06-14T05:23:30.195590+02:00] logger.DEBUG: 3 fonts used {"context":"statistics"} []
[2024-06-14T05:26:37.325300+02:00] logger.DEBUG: Fetching content of file "../logoapex.png" with local basepath {"context":"remote_content"} []
[2024-06-14T05:26:37.509282+02:00] logger.DEBUG: PDF generated in 0.209162 seconds {"context":"statistics"} []
[2024-06-14T05:26:37.569096+02:00] logger.DEBUG: Compiled in 0.268977 seconds {"context":"statistics"} []
[2024-06-14T05:26:37.569157+02:00] logger.DEBUG: Peak Memory usage 4.00 MB {"context":"statistics"} []
[2024-06-14T05:26:37.569180+02:00] logger.DEBUG: PDF file size 137 kB {"context":"statistics"} []
[2024-06-14T05:26:37.569200+02:00] logger.DEBUG: 3 fonts used {"context":"statistics"} []
[2024-06-14T05:27:28.644057+02:00] logger.DEBUG: Fetching content of file "../logoapex.png" with local basepath {"context":"remote_content"} []
[2024-06-14T05:27:28.797355+02:00] logger.DEBUG: PDF generated in 0.174694 seconds {"context":"statistics"} []
[2024-06-14T05:27:28.861883+02:00] logger.DEBUG: Compiled in 0.239235 seconds {"context":"statistics"} []
[2024-06-14T05:27:28.861984+02:00] logger.DEBUG: Peak Memory usage 4.00 MB {"context":"statistics"} []
[2024-06-14T05:27:28.862009+02:00] logger.DEBUG: PDF file size 137 kB {"context":"statistics"} []
[2024-06-14T05:27:28.862029+02:00] logger.DEBUG: 3 fonts used {"context":"statistics"} []
[2024-06-14T05:30:10.433299+02:00] logger.DEBUG: Fetching content of file "../logoapex.png" with local basepath {"context":"remote_content"} []
[2024-06-14T05:30:10.588250+02:00] logger.DEBUG: PDF generated in 0.177058 seconds {"context":"statistics"} []
[2024-06-14T05:30:10.650325+02:00] logger.DEBUG: Compiled in 0.239127 seconds {"context":"statistics"} []
[2024-06-14T05:30:10.650393+02:00] logger.DEBUG: Peak Memory usage 2.00 MB {"context":"statistics"} []
[2024-06-14T05:30:10.650416+02:00] logger.DEBUG: PDF file size 137 kB {"context":"statistics"} []
[2024-06-14T05:30:10.650436+02:00] logger.DEBUG: 3 fonts used {"context":"statistics"} []
[2024-06-15T00:41:12.509392+02:00] logger.DEBUG: Fetching content of file "../logoapex.png" with local basepath {"context":"remote_content"} []
[2024-06-15T00:41:12.926618+02:00] logger.DEBUG: PDF generated in 0.741379 seconds {"context":"statistics"} []
[2024-06-15T00:41:13.133649+02:00] logger.DEBUG: Compiled in 0.948405 seconds {"context":"statistics"} []
[2024-06-15T00:41:13.133712+02:00] logger.DEBUG: Peak Memory usage 22.00 MB {"context":"statistics"} []
[2024-06-15T00:41:13.133735+02:00] logger.DEBUG: PDF file size 137 kB {"context":"statistics"} []
[2024-06-15T00:41:13.133754+02:00] logger.DEBUG: 3 fonts used {"context":"statistics"} []
[2024-06-15T00:43:02.946905+02:00] logger.DEBUG: Fetching content of file "../logoapex.png" with local basepath {"context":"remote_content"} []
[2024-06-15T00:43:03.112832+02:00] logger.DEBUG: PDF generated in 0.190274 seconds {"context":"statistics"} []
[2024-06-15T00:43:03.176040+02:00] logger.DEBUG: Compiled in 0.253466 seconds {"context":"statistics"} []
[2024-06-15T00:43:03.176126+02:00] logger.DEBUG: Peak Memory usage 12.00 MB {"context":"statistics"} []
[2024-06-15T00:43:03.176151+02:00] logger.DEBUG: PDF file size 137 kB {"context":"statistics"} []
[2024-06-15T00:43:03.176186+02:00] logger.DEBUG: 3 fonts used {"context":"statistics"} []
[2024-06-15T00:49:14.016909+02:00] logger.DEBUG: Fetching content of file "../logoapex.png" with local basepath {"context":"remote_content"} []
[2024-06-15T00:49:14.158233+02:00] logger.DEBUG: PDF generated in 0.169023 seconds {"context":"statistics"} []
[2024-06-15T00:49:14.218332+02:00] logger.DEBUG: Compiled in 0.229116 seconds {"context":"statistics"} []
[2024-06-15T00:49:14.218390+02:00] logger.DEBUG: Peak Memory usage 8.00 MB {"context":"statistics"} []
[2024-06-15T00:49:14.218413+02:00] logger.DEBUG: PDF file size 136 kB {"context":"statistics"} []
[2024-06-15T00:49:14.218433+02:00] logger.DEBUG: 3 fonts used {"context":"statistics"} []
[2024-06-15T00:53:04.595638+02:00] logger.DEBUG: Fetching content of file "../logoapex.png" with local basepath {"context":"remote_content"} []
[2024-06-15T00:53:04.737495+02:00] logger.DEBUG: PDF generated in 0.163769 seconds {"context":"statistics"} []
[2024-06-15T00:53:04.800213+02:00] logger.DEBUG: Compiled in 0.226461 seconds {"context":"statistics"} []
[2024-06-15T00:53:04.800329+02:00] logger.DEBUG: Peak Memory usage 14.00 MB {"context":"statistics"} []
[2024-06-15T00:53:04.800379+02:00] logger.DEBUG: PDF file size 136 kB {"context":"statistics"} []
[2024-06-15T00:53:04.800416+02:00] logger.DEBUG: 3 fonts used {"context":"statistics"} []
[2024-06-15T00:53:59.685121+02:00] logger.DEBUG: Fetching content of file "../logoapex.png" with local basepath {"context":"remote_content"} []
[2024-06-15T00:53:59.817018+02:00] logger.DEBUG: PDF generated in 0.154815 seconds {"context":"statistics"} []
[2024-06-15T00:53:59.875629+02:00] logger.DEBUG: Compiled in 0.213423 seconds {"context":"statistics"} []
[2024-06-15T00:53:59.875692+02:00] logger.DEBUG: Peak Memory usage 16.00 MB {"context":"statistics"} []
[2024-06-15T00:53:59.875773+02:00] logger.DEBUG: PDF file size 136 kB {"context":"statistics"} []
[2024-06-15T00:53:59.875797+02:00] logger.DEBUG: 3 fonts used {"context":"statistics"} []
[2024-06-15T00:54:21.900899+02:00] logger.DEBUG: Fetching content of file "../logoapex.png" with local basepath {"context":"remote_content"} []
[2024-06-15T00:54:22.024847+02:00] logger.DEBUG: PDF generated in 0.137604 seconds {"context":"statistics"} []
[2024-06-15T00:54:22.078024+02:00] logger.DEBUG: Compiled in 0.190771 seconds {"context":"statistics"} []
[2024-06-15T00:54:22.078107+02:00] logger.DEBUG: Peak Memory usage 10.00 MB {"context":"statistics"} []
[2024-06-15T00:54:22.078129+02:00] logger.DEBUG: PDF file size 136 kB {"context":"statistics"} []
[2024-06-15T00:54:22.078149+02:00] logger.DEBUG: 3 fonts used {"context":"statistics"} []
[2024-06-15T00:54:52.168730+02:00] logger.DEBUG: Fetching content of file "../logoapex.png" with local basepath {"context":"remote_content"} []
[2024-06-15T00:54:52.316813+02:00] logger.DEBUG: PDF generated in 0.171830 seconds {"context":"statistics"} []
[2024-06-15T00:54:52.382448+02:00] logger.DEBUG: Compiled in 0.237449 seconds {"context":"statistics"} []
[2024-06-15T00:54:52.382571+02:00] logger.DEBUG: Peak Memory usage 6.00 MB {"context":"statistics"} []
[2024-06-15T00:54:52.382606+02:00] logger.DEBUG: PDF file size 136 kB {"context":"statistics"} []
[2024-06-15T00:54:52.382635+02:00] logger.DEBUG: 3 fonts used {"context":"statistics"} []
[2024-06-15T00:55:23.558957+02:00] logger.DEBUG: Fetching content of file "../logoapex.png" with local basepath {"context":"remote_content"} []
[2024-06-15T04:45:34.889998+02:00] logger.DEBUG: Fetching content of file "../logoapex.png" with local basepath {"context":"remote_content"} []
[2024-06-15T04:45:35.333403+02:00] logger.DEBUG: PDF generated in 0.716906 seconds {"context":"statistics"} []
[2024-06-15T04:45:35.588465+02:00] logger.DEBUG: Compiled in 0.971968 seconds {"context":"statistics"} []
[2024-06-15T04:45:35.589101+02:00] logger.DEBUG: Peak Memory usage 20.00 MB {"context":"statistics"} []
[2024-06-15T04:45:35.589187+02:00] logger.DEBUG: PDF file size 136 kB {"context":"statistics"} []
[2024-06-15T04:45:35.589236+02:00] logger.DEBUG: 3 fonts used {"context":"statistics"} []
[2024-06-15T04:46:00.002899+02:00] logger.DEBUG: Fetching content of file "../logoapex.png" with local basepath {"context":"remote_content"} []
[2024-06-15T04:46:00.145425+02:00] logger.DEBUG: PDF generated in 0.162354 seconds {"context":"statistics"} []
[2024-06-15T04:46:00.205345+02:00] logger.DEBUG: Compiled in 0.222267 seconds {"context":"statistics"} []
[2024-06-15T04:46:00.205421+02:00] logger.DEBUG: Peak Memory usage 12.00 MB {"context":"statistics"} []
[2024-06-15T04:46:00.205444+02:00] logger.DEBUG: PDF file size 136 kB {"context":"statistics"} []
[2024-06-15T04:46:00.205464+02:00] logger.DEBUG: 3 fonts used {"context":"statistics"} []
[2024-06-15T04:47:27.363815+02:00] logger.DEBUG: Fetching content of file "../logoapex.png" with local basepath {"context":"remote_content"} []
[2024-06-15T04:47:27.507881+02:00] logger.DEBUG: PDF generated in 0.171816 seconds {"context":"statistics"} []
[2024-06-15T04:47:27.577013+02:00] logger.DEBUG: Compiled in 0.240938 seconds {"context":"statistics"} []
[2024-06-15T04:47:27.577095+02:00] logger.DEBUG: Peak Memory usage 6.00 MB {"context":"statistics"} []
[2024-06-15T04:47:27.577118+02:00] logger.DEBUG: PDF file size 136 kB {"context":"statistics"} []
[2024-06-15T04:47:27.577137+02:00] logger.DEBUG: 3 fonts used {"context":"statistics"} []
[2024-06-15T04:48:06.744556+02:00] logger.DEBUG: Fetching content of file "../logoapex.png" with local basepath {"context":"remote_content"} []
[2024-06-15T04:48:06.892511+02:00] logger.DEBUG: PDF generated in 0.173706 seconds {"context":"statistics"} []
[2024-06-15T04:48:06.954006+02:00] logger.DEBUG: Compiled in 0.235205 seconds {"context":"statistics"} []
[2024-06-15T04:48:06.954063+02:00] logger.DEBUG: Peak Memory usage 4.00 MB {"context":"statistics"} []
[2024-06-15T04:48:06.954086+02:00] logger.DEBUG: PDF file size 136 kB {"context":"statistics"} []
[2024-06-15T04:48:06.954154+02:00] logger.DEBUG: 3 fonts used {"context":"statistics"} []
[2024-06-15T04:49:07.349120+02:00] logger.DEBUG: Fetching content of file "../logoapex.png" with local basepath {"context":"remote_content"} []
[2024-06-15T04:49:07.487225+02:00] logger.DEBUG: PDF generated in 0.149274 seconds {"context":"statistics"} []
[2024-06-15T04:49:07.551577+02:00] logger.DEBUG: Compiled in 0.213626 seconds {"context":"statistics"} []
[2024-06-15T04:49:07.551644+02:00] logger.DEBUG: Peak Memory usage 4.00 MB {"context":"statistics"} []
[2024-06-15T04:49:07.551675+02:00] logger.DEBUG: PDF file size 136 kB {"context":"statistics"} []
[2024-06-15T04:49:07.551702+02:00] logger.DEBUG: 3 fonts used {"context":"statistics"} []
[2024-06-15T04:49:52.849399+02:00] logger.DEBUG: Fetching content of file "../logoapex.png" with local basepath {"context":"remote_content"} []
[2024-06-15T04:49:52.986307+02:00] logger.DEBUG: PDF generated in 0.156701 seconds {"context":"statistics"} []
[2024-06-15T04:49:53.051354+02:00] logger.DEBUG: Compiled in 0.221736 seconds {"context":"statistics"} []
[2024-06-15T04:49:53.051435+02:00] logger.DEBUG: Peak Memory usage 4.00 MB {"context":"statistics"} []
[2024-06-15T04:49:53.051458+02:00] logger.DEBUG: PDF file size 136 kB {"context":"statistics"} []
[2024-06-15T04:49:53.051477+02:00] logger.DEBUG: 3 fonts used {"context":"statistics"} []
[2024-06-15T04:50:22.966811+02:00] logger.DEBUG: Fetching content of file "../logoapex.png" with local basepath {"context":"remote_content"} []
[2024-06-15T04:50:23.104715+02:00] logger.DEBUG: PDF generated in 0.162361 seconds {"context":"statistics"} []
[2024-06-15T04:50:23.167264+02:00] logger.DEBUG: Compiled in 0.224910 seconds {"context":"statistics"} []
[2024-06-15T04:50:23.167324+02:00] logger.DEBUG: Peak Memory usage 4.00 MB {"context":"statistics"} []
[2024-06-15T04:50:23.167346+02:00] logger.DEBUG: PDF file size 136 kB {"context":"statistics"} []
[2024-06-15T04:50:23.167366+02:00] logger.DEBUG: 3 fonts used {"context":"statistics"} []
[2024-06-15T04:51:42.712913+02:00] logger.DEBUG: Fetching content of file "../logoapex.png" with local basepath {"context":"remote_content"} []
[2024-06-15T04:51:42.860383+02:00] logger.DEBUG: PDF generated in 0.168871 seconds {"context":"statistics"} []
[2024-06-15T04:51:42.930150+02:00] logger.DEBUG: Compiled in 0.238618 seconds {"context":"statistics"} []
[2024-06-15T04:51:42.930274+02:00] logger.DEBUG: Peak Memory usage 2.00 MB {"context":"statistics"} []
[2024-06-15T04:51:42.930327+02:00] logger.DEBUG: PDF file size 136 kB {"context":"statistics"} []
[2024-06-15T04:51:42.930352+02:00] logger.DEBUG: 3 fonts used {"context":"statistics"} []
[2024-06-15T04:52:15.037230+02:00] logger.DEBUG: Fetching content of file "../logoapex.png" with local basepath {"context":"remote_content"} []
[2024-06-15T04:52:15.178226+02:00] logger.DEBUG: PDF generated in 0.167150 seconds {"context":"statistics"} []
[2024-06-15T04:52:15.241736+02:00] logger.DEBUG: Compiled in 0.230655 seconds {"context":"statistics"} []
[2024-06-15T04:52:15.241794+02:00] logger.DEBUG: Peak Memory usage 2.00 MB {"context":"statistics"} []
[2024-06-15T04:52:15.241817+02:00] logger.DEBUG: PDF file size 136 kB {"context":"statistics"} []
[2024-06-15T04:52:15.241836+02:00] logger.DEBUG: 3 fonts used {"context":"statistics"} []
[2024-06-15T04:54:25.571837+02:00] logger.DEBUG: Fetching content of file "../logoapex.png" with local basepath {"context":"remote_content"} []
[2024-06-15T04:54:25.721651+02:00] logger.DEBUG: PDF generated in 0.175974 seconds {"context":"statistics"} []
[2024-06-15T04:54:25.784017+02:00] logger.DEBUG: Compiled in 0.238335 seconds {"context":"statistics"} []
[2024-06-15T04:54:25.784075+02:00] logger.DEBUG: Peak Memory usage 2.00 MB {"context":"statistics"} []
[2024-06-15T04:54:25.784097+02:00] logger.DEBUG: PDF file size 136 kB {"context":"statistics"} []
[2024-06-15T04:54:25.784117+02:00] logger.DEBUG: 3 fonts used {"context":"statistics"} []
[2024-06-15T04:54:54.637183+02:00] logger.DEBUG: Fetching content of file "../logoapex.png" with local basepath {"context":"remote_content"} []
[2024-06-15T04:54:54.786118+02:00] logger.DEBUG: PDF generated in 0.177079 seconds {"context":"statistics"} []
[2024-06-15T04:54:54.850770+02:00] logger.DEBUG: Compiled in 0.241729 seconds {"context":"statistics"} []
[2024-06-15T04:54:54.850831+02:00] logger.DEBUG: Peak Memory usage 2.00 MB {"context":"statistics"} []
[2024-06-15T04:54:54.850854+02:00] logger.DEBUG: PDF file size 136 kB {"context":"statistics"} []
[2024-06-15T04:54:54.850874+02:00] logger.DEBUG: 3 fonts used {"context":"statistics"} []
[2024-06-15T04:57:38.875660+02:00] logger.DEBUG: Fetching content of file "../logoapex.png" with local basepath {"context":"remote_content"} []
[2024-06-15T04:57:39.031480+02:00] logger.DEBUG: PDF generated in 0.174105 seconds {"context":"statistics"} []
[2024-06-15T04:57:39.095935+02:00] logger.DEBUG: Compiled in 0.238556 seconds {"context":"statistics"} []
[2024-06-15T04:57:39.095999+02:00] logger.DEBUG: Peak Memory usage 6.00 MB {"context":"statistics"} []
[2024-06-15T04:57:39.096024+02:00] logger.DEBUG: PDF file size 136 kB {"context":"statistics"} []
[2024-06-15T04:57:39.096053+02:00] logger.DEBUG: 3 fonts used {"context":"statistics"} []
[2024-06-15T04:59:09.864106+02:00] logger.DEBUG: Fetching content of file "../logoapex.png" with local basepath {"context":"remote_content"} []
[2024-06-15T04:59:10.011806+02:00] logger.DEBUG: PDF generated in 0.168811 seconds {"context":"statistics"} []
[2024-06-15T04:59:10.076012+02:00] logger.DEBUG: Compiled in 0.233014 seconds {"context":"statistics"} []
[2024-06-15T04:59:10.076068+02:00] logger.DEBUG: Peak Memory usage 4.00 MB {"context":"statistics"} []
[2024-06-15T04:59:10.076091+02:00] logger.DEBUG: PDF file size 136 kB {"context":"statistics"} []
[2024-06-15T04:59:10.076111+02:00] logger.DEBUG: 3 fonts used {"context":"statistics"} []
[2024-06-15T04:59:50.549948+02:00] logger.DEBUG: Fetching content of file "../logoapex.png" with local basepath {"context":"remote_content"} []
[2024-06-15T04:59:50.689551+02:00] logger.DEBUG: PDF generated in 0.159336 seconds {"context":"statistics"} []
[2024-06-15T04:59:50.753513+02:00] logger.DEBUG: Compiled in 0.223269 seconds {"context":"statistics"} []
[2024-06-15T04:59:50.753642+02:00] logger.DEBUG: Peak Memory usage 4.00 MB {"context":"statistics"} []
[2024-06-15T04:59:50.753679+02:00] logger.DEBUG: PDF file size 136 kB {"context":"statistics"} []
[2024-06-15T04:59:50.753707+02:00] logger.DEBUG: 3 fonts used {"context":"statistics"} []
[2024-06-16T01:23:01.794062+02:00] logger.DEBUG: Fetching content of file "../logoapex.png" with local basepath {"context":"remote_content"} []
[2024-06-16T01:23:02.172547+02:00] logger.DEBUG: PDF generated in 0.680476 seconds {"context":"statistics"} []
[2024-06-16T01:23:02.377230+02:00] logger.DEBUG: Compiled in 0.885172 seconds {"context":"statistics"} []
[2024-06-16T01:23:02.377719+02:00] logger.DEBUG: Peak Memory usage 4.00 MB {"context":"statistics"} []
[2024-06-16T01:23:02.377789+02:00] logger.DEBUG: PDF file size 136 kB {"context":"statistics"} []
[2024-06-16T01:23:02.377814+02:00] logger.DEBUG: 3 fonts used {"context":"statistics"} []
[2024-06-16T01:27:59.779178+02:00] logger.DEBUG: Fetching content of file "../logoapex.png" with local basepath {"context":"remote_content"} []
[2024-06-16T01:27:59.935132+02:00] logger.DEBUG: PDF generated in 0.197645 seconds {"context":"statistics"} []
[2024-06-16T01:28:00.007793+02:00] logger.DEBUG: Compiled in 0.270312 seconds {"context":"statistics"} []
[2024-06-16T01:28:00.007858+02:00] logger.DEBUG: Peak Memory usage 2.00 MB {"context":"statistics"} []
[2024-06-16T01:28:00.007881+02:00] logger.DEBUG: PDF file size 136 kB {"context":"statistics"} []
[2024-06-16T01:28:00.007902+02:00] logger.DEBUG: 3 fonts used {"context":"statistics"} []
[2024-06-16T01:28:19.692310+02:00] logger.DEBUG: Fetching content of file "../logoapex.png" with local basepath {"context":"remote_content"} []
[2024-06-16T01:28:19.841634+02:00] logger.DEBUG: PDF generated in 0.163275 seconds {"context":"statistics"} []
[2024-06-16T01:28:19.898575+02:00] logger.DEBUG: Compiled in 0.220212 seconds {"context":"statistics"} []
[2024-06-16T01:28:19.898633+02:00] logger.DEBUG: Peak Memory usage 2.00 MB {"context":"statistics"} []
[2024-06-16T01:28:19.898655+02:00] logger.DEBUG: PDF file size 136 kB {"context":"statistics"} []
[2024-06-16T01:28:19.898674+02:00] logger.DEBUG: 3 fonts used {"context":"statistics"} []
[2024-06-16T01:30:26.466738+02:00] logger.DEBUG: Fetching content of file "../logoapex.png" with local basepath {"context":"remote_content"} []
[2024-06-16T01:30:26.608583+02:00] logger.DEBUG: PDF generated in 0.160489 seconds {"context":"statistics"} []
[2024-06-16T01:30:26.669569+02:00] logger.DEBUG: Compiled in 0.221458 seconds {"context":"statistics"} []
[2024-06-16T01:30:26.669694+02:00] logger.DEBUG: Peak Memory usage 22.00 MB {"context":"statistics"} []
[2024-06-16T01:30:26.669717+02:00] logger.DEBUG: PDF file size 136 kB {"context":"statistics"} []
[2024-06-16T01:30:26.669736+02:00] logger.DEBUG: 3 fonts used {"context":"statistics"} []
[2024-06-16T01:31:07.681506+02:00] logger.DEBUG: Fetching content of file "../logoapex.png" with local basepath {"context":"remote_content"} []
[2024-06-16T01:31:07.815698+02:00] logger.DEBUG: PDF generated in 0.144900 seconds {"context":"statistics"} []
[2024-06-16T01:31:07.875945+02:00] logger.DEBUG: Compiled in 0.205152 seconds {"context":"statistics"} []
[2024-06-16T01:31:07.876001+02:00] logger.DEBUG: Peak Memory usage 12.00 MB {"context":"statistics"} []
[2024-06-16T01:31:07.876024+02:00] logger.DEBUG: PDF file size 136 kB {"context":"statistics"} []
[2024-06-16T01:31:07.876043+02:00] logger.DEBUG: 3 fonts used {"context":"statistics"} []
[2024-06-16T01:37:32.898868+02:00] logger.DEBUG: Fetching content of file "../logoapex.png" with local basepath {"context":"remote_content"} []
[2024-06-16T01:37:33.036552+02:00] logger.DEBUG: PDF generated in 0.154957 seconds {"context":"statistics"} []
[2024-06-16T01:37:33.100319+02:00] logger.DEBUG: Compiled in 0.218705 seconds {"context":"statistics"} []
[2024-06-16T01:37:33.100435+02:00] logger.DEBUG: Peak Memory usage 8.00 MB {"context":"statistics"} []
[2024-06-16T01:37:33.100485+02:00] logger.DEBUG: PDF file size 136 kB {"context":"statistics"} []
[2024-06-16T01:37:33.100527+02:00] logger.DEBUG: 3 fonts used {"context":"statistics"} []
[2024-06-16T01:38:46.671949+02:00] logger.DEBUG: Fetching content of file "../logoapex.png" with local basepath {"context":"remote_content"} []
[2024-06-16T01:38:46.817371+02:00] logger.DEBUG: PDF generated in 0.163387 seconds {"context":"statistics"} []
[2024-06-16T01:38:46.883090+02:00] logger.DEBUG: Compiled in 0.229098 seconds {"context":"statistics"} []
[2024-06-16T01:38:46.883152+02:00] logger.DEBUG: Peak Memory usage 6.00 MB {"context":"statistics"} []
[2024-06-16T01:38:46.883174+02:00] logger.DEBUG: PDF file size 136 kB {"context":"statistics"} []
[2024-06-16T01:38:46.883193+02:00] logger.DEBUG: 3 fonts used {"context":"statistics"} []
[2024-06-16T01:39:59.736211+02:00] logger.DEBUG: Fetching content of file "../logoapex.png" with local basepath {"context":"remote_content"} []
[2024-06-16T01:39:59.890776+02:00] logger.DEBUG: PDF generated in 0.171138 seconds {"context":"statistics"} []
[2024-06-16T01:39:59.961615+02:00] logger.DEBUG: Compiled in 0.241975 seconds {"context":"statistics"} []
[2024-06-16T01:39:59.961688+02:00] logger.DEBUG: Peak Memory usage 4.00 MB {"context":"statistics"} []
[2024-06-16T01:39:59.961712+02:00] logger.DEBUG: PDF file size 136 kB {"context":"statistics"} []
[2024-06-16T01:39:59.961731+02:00] logger.DEBUG: 3 fonts used {"context":"statistics"} []
[2024-06-16T01:40:16.120541+02:00] logger.DEBUG: Fetching content of file "../logoapex.png" with local basepath {"context":"remote_content"} []
[2024-06-16T01:40:16.263730+02:00] logger.DEBUG: PDF generated in 0.155494 seconds {"context":"statistics"} []
[2024-06-16T01:40:16.324068+02:00] logger.DEBUG: Compiled in 0.215854 seconds {"context":"statistics"} []
[2024-06-16T01:40:16.324125+02:00] logger.DEBUG: Peak Memory usage 4.00 MB {"context":"statistics"} []
[2024-06-16T01:40:16.324191+02:00] logger.DEBUG: PDF file size 136 kB {"context":"statistics"} []
[2024-06-16T01:40:16.324216+02:00] logger.DEBUG: 3 fonts used {"context":"statistics"} []
[2024-06-16T01:40:51.194193+02:00] logger.DEBUG: Fetching content of file "../logoapex.png" with local basepath {"context":"remote_content"} []
[2024-06-16T01:40:51.324302+02:00] logger.DEBUG: PDF generated in 0.140530 seconds {"context":"statistics"} []
[2024-06-16T01:40:51.382999+02:00] logger.DEBUG: Compiled in 0.199217 seconds {"context":"statistics"} []
[2024-06-16T01:40:51.383078+02:00] logger.DEBUG: Peak Memory usage 4.00 MB {"context":"statistics"} []
[2024-06-16T01:40:51.383100+02:00] logger.DEBUG: PDF file size 136 kB {"context":"statistics"} []
[2024-06-16T01:40:51.383121+02:00] logger.DEBUG: 3 fonts used {"context":"statistics"} []
[2024-06-16T01:41:12.604967+02:00] logger.DEBUG: Fetching content of file "../logoapex.png" with local basepath {"context":"remote_content"} []
[2024-06-16T01:41:12.743264+02:00] logger.DEBUG: PDF generated in 0.149751 seconds {"context":"statistics"} []
[2024-06-16T01:41:12.802454+02:00] logger.DEBUG: Compiled in 0.208939 seconds {"context":"statistics"} []
[2024-06-16T01:41:12.802524+02:00] logger.DEBUG: Peak Memory usage 2.00 MB {"context":"statistics"} []
[2024-06-16T01:41:12.802546+02:00] logger.DEBUG: PDF file size 137 kB {"context":"statistics"} []
[2024-06-16T01:41:12.802566+02:00] logger.DEBUG: 3 fonts used {"context":"statistics"} []
[2024-06-16T01:41:28.710708+02:00] logger.DEBUG: Fetching content of file "../logoapex.png" with local basepath {"context":"remote_content"} []
[2024-06-16T01:41:28.851226+02:00] logger.DEBUG: PDF generated in 0.154306 seconds {"context":"statistics"} []
[2024-06-16T01:41:28.905820+02:00] logger.DEBUG: Compiled in 0.208896 seconds {"context":"statistics"} []
[2024-06-16T01:41:28.905879+02:00] logger.DEBUG: Peak Memory usage 2.00 MB {"context":"statistics"} []
[2024-06-16T01:41:28.905901+02:00] logger.DEBUG: PDF file size 136 kB {"context":"statistics"} []
[2024-06-16T01:41:28.905920+02:00] logger.DEBUG: 3 fonts used {"context":"statistics"} []
[2024-06-16T01:42:02.245811+02:00] logger.DEBUG: Fetching content of file "../logoapex.png" with local basepath {"context":"remote_content"} []
[2024-06-16T01:42:02.385788+02:00] logger.DEBUG: PDF generated in 0.150670 seconds {"context":"statistics"} []
[2024-06-16T01:42:02.450020+02:00] logger.DEBUG: Compiled in 0.214912 seconds {"context":"statistics"} []
[2024-06-16T01:42:02.450079+02:00] logger.DEBUG: Peak Memory usage 2.00 MB {"context":"statistics"} []
[2024-06-16T01:42:02.450101+02:00] logger.DEBUG: PDF file size 136 kB {"context":"statistics"} []
[2024-06-16T01:42:02.450120+02:00] logger.DEBUG: 3 fonts used {"context":"statistics"} []
[2024-06-16T01:42:19.712795+02:00] logger.DEBUG: Fetching content of file "../logoapex.png" with local basepath {"context":"remote_content"} []
[2024-06-16T01:42:19.846915+02:00] logger.DEBUG: PDF generated in 0.146137 seconds {"context":"statistics"} []
[2024-06-16T01:42:19.903587+02:00] logger.DEBUG: Compiled in 0.202808 seconds {"context":"statistics"} []
[2024-06-16T01:42:19.903650+02:00] logger.DEBUG: Peak Memory usage 2.00 MB {"context":"statistics"} []
[2024-06-16T01:42:19.903672+02:00] logger.DEBUG: PDF file size 136 kB {"context":"statistics"} []
[2024-06-16T01:42:19.903692+02:00] logger.DEBUG: 3 fonts used {"context":"statistics"} []
[2024-06-16T01:42:46.654909+02:00] logger.DEBUG: Fetching content of file "../logoapex.png" with local basepath {"context":"remote_content"} []
[2024-06-16T01:42:46.789165+02:00] logger.DEBUG: PDF generated in 0.146299 seconds {"context":"statistics"} []
[2024-06-16T01:42:46.847170+02:00] logger.DEBUG: Compiled in 0.204307 seconds {"context":"statistics"} []
[2024-06-16T01:42:46.847225+02:00] logger.DEBUG: Peak Memory usage 2.00 MB {"context":"statistics"} []
[2024-06-16T01:42:46.847248+02:00] logger.DEBUG: PDF file size 136 kB {"context":"statistics"} []
[2024-06-16T01:42:46.847267+02:00] logger.DEBUG: 3 fonts used {"context":"statistics"} []
[2024-06-16T01:43:10.037099+02:00] logger.DEBUG: Fetching content of file "../logoapex.png" with local basepath {"context":"remote_content"} []
[2024-06-16T01:43:10.170007+02:00] logger.DEBUG: PDF generated in 0.143840 seconds {"context":"statistics"} []
[2024-06-16T01:43:10.222691+02:00] logger.DEBUG: Compiled in 0.196520 seconds {"context":"statistics"} []
[2024-06-16T01:43:10.222749+02:00] logger.DEBUG: Peak Memory usage 2.00 MB {"context":"statistics"} []
[2024-06-16T01:43:10.222772+02:00] logger.DEBUG: PDF file size 136 kB {"context":"statistics"} []
[2024-06-16T01:43:10.222791+02:00] logger.DEBUG: 3 fonts used {"context":"statistics"} []
[2024-06-16T01:43:42.350566+02:00] logger.DEBUG: Fetching content of file "../logoapex.png" with local basepath {"context":"remote_content"} []
[2024-06-16T01:43:42.502721+02:00] logger.DEBUG: PDF generated in 0.165018 seconds {"context":"statistics"} []
[2024-06-16T01:43:42.561007+02:00] logger.DEBUG: Compiled in 0.223298 seconds {"context":"statistics"} []
[2024-06-16T01:43:42.561073+02:00] logger.DEBUG: Peak Memory usage 2.00 MB {"context":"statistics"} []
[2024-06-16T01:43:42.561095+02:00] logger.DEBUG: PDF file size 136 kB {"context":"statistics"} []
[2024-06-16T01:43:42.561114+02:00] logger.DEBUG: 3 fonts used {"context":"statistics"} []
[2024-06-16T01:46:05.475746+02:00] logger.DEBUG: Fetching content of file "../logoapex.png" with local basepath {"context":"remote_content"} []
[2024-06-16T01:46:05.608675+02:00] logger.DEBUG: PDF generated in 0.145568 seconds {"context":"statistics"} []
[2024-06-16T01:46:05.668447+02:00] logger.DEBUG: Compiled in 0.205338 seconds {"context":"statistics"} []
[2024-06-16T01:46:05.668504+02:00] logger.DEBUG: Peak Memory usage 2.00 MB {"context":"statistics"} []
[2024-06-16T01:46:05.668527+02:00] logger.DEBUG: PDF file size 136 kB {"context":"statistics"} []
[2024-06-16T01:46:05.668546+02:00] logger.DEBUG: 3 fonts used {"context":"statistics"} []
[2024-06-16T01:48:14.444959+02:00] logger.DEBUG: Fetching content of file "../logoapex.png" with local basepath {"context":"remote_content"} []
[2024-06-16T01:48:14.580388+02:00] logger.DEBUG: PDF generated in 0.146189 seconds {"context":"statistics"} []
[2024-06-16T01:48:14.632787+02:00] logger.DEBUG: Compiled in 0.198586 seconds {"context":"statistics"} []
[2024-06-16T01:48:14.632842+02:00] logger.DEBUG: Peak Memory usage 2.00 MB {"context":"statistics"} []
[2024-06-16T01:48:14.632865+02:00] logger.DEBUG: PDF file size 136 kB {"context":"statistics"} []
[2024-06-16T01:48:14.632884+02:00] logger.DEBUG: 3 fonts used {"context":"statistics"} []
[2024-06-16T01:49:26.270760+02:00] logger.DEBUG: Fetching content of file "../logoapex.png" with local basepath {"context":"remote_content"} []
[2024-06-16T01:49:26.399205+02:00] logger.DEBUG: PDF generated in 0.138951 seconds {"context":"statistics"} []
[2024-06-16T01:49:26.458126+02:00] logger.DEBUG: Compiled in 0.197862 seconds {"context":"statistics"} []
[2024-06-16T01:49:26.458206+02:00] logger.DEBUG: Peak Memory usage 2.00 MB {"context":"statistics"} []
[2024-06-16T01:49:26.458236+02:00] logger.DEBUG: PDF file size 136 kB {"context":"statistics"} []
[2024-06-16T01:49:26.458265+02:00] logger.DEBUG: 3 fonts used {"context":"statistics"} []
[2024-06-16T01:52:58.919619+02:00] logger.DEBUG: Fetching content of file "../logoapex.png" with local basepath {"context":"remote_content"} []
[2024-06-16T01:52:59.049702+02:00] logger.DEBUG: PDF generated in 0.145091 seconds {"context":"statistics"} []
[2024-06-16T01:52:59.107075+02:00] logger.DEBUG: Compiled in 0.202459 seconds {"context":"statistics"} []
[2024-06-16T01:52:59.107151+02:00] logger.DEBUG: Peak Memory usage 22.00 MB {"context":"statistics"} []
[2024-06-16T01:52:59.107174+02:00] logger.DEBUG: PDF file size 136 kB {"context":"statistics"} []
[2024-06-16T01:52:59.107194+02:00] logger.DEBUG: 3 fonts used {"context":"statistics"} []
[2024-06-16T01:53:44.119211+02:00] logger.DEBUG: Fetching content of file "../logoapex.png" with local basepath {"context":"remote_content"} []
[2024-06-16T01:53:44.238707+02:00] logger.DEBUG: PDF generated in 0.130881 seconds {"context":"statistics"} []
[2024-06-16T01:53:44.294730+02:00] logger.DEBUG: Compiled in 0.186903 seconds {"context":"statistics"} []
[2024-06-16T01:53:44.294787+02:00] logger.DEBUG: Peak Memory usage 12.00 MB {"context":"statistics"} []
[2024-06-16T01:53:44.294809+02:00] logger.DEBUG: PDF file size 136 kB {"context":"statistics"} []
[2024-06-16T01:53:44.294828+02:00] logger.DEBUG: 3 fonts used {"context":"statistics"} []
